{"/home/travis/build/npmtest/node-npmtest-pug/test.js":{"path":"/home/travis/build/npmtest/node-npmtest-pug/test.js","s":{"1":2,"2":2,"3":2,"4":2,"5":2,"6":2,"7":2,"8":1,"9":2,"10":2,"11":1,"12":1,"13":1,"14":1,"15":2,"16":2,"17":2,"18":2,"19":1,"20":1,"21":2,"22":2,"23":2,"24":1,"25":1,"26":1,"27":1,"28":1,"29":1,"30":1,"31":1,"32":1,"33":1,"34":1,"35":1,"36":1,"37":2,"38":2,"39":1,"40":2,"41":2,"42":1,"43":2,"44":2,"45":1,"46":2,"47":2,"48":1,"49":1,"50":1,"51":1,"52":1},"b":{"1":[2,1,1,1],"2":[1,1,1,1],"3":[1,1],"4":[1,1],"5":[1,1],"6":[1,1],"7":[1,1],"8":[1,1],"9":[1,1,1],"10":[1,1],"11":[1,1],"12":[1,1],"13":[1,1],"14":[1,1],"15":[1,1],"16":[1,1]},"f":{"1":2,"2":2,"3":2,"4":2,"5":2,"6":1,"7":1,"8":2,"9":2,"10":2,"11":2,"12":1},"fnMap":{"1":{"name":"(anonymous_1)","line":12,"loc":{"start":{"line":12,"column":1},"end":{"line":12,"column":13}}},"2":{"name":"(anonymous_2)","line":19,"loc":{"start":{"line":19,"column":5},"end":{"line":19,"column":17}}},"3":{"name":"(anonymous_3)","line":23,"loc":{"start":{"line":23,"column":24},"end":{"line":23,"column":36}}},"4":{"name":"(anonymous_4)","line":61,"loc":{"start":{"line":61,"column":5},"end":{"line":61,"column":17}}},"5":{"name":"(anonymous_5)","line":82,"loc":{"start":{"line":82,"column":5},"end":{"line":82,"column":17}}},"6":{"name":"(anonymous_6)","line":102,"loc":{"start":{"line":102,"column":83},"end":{"line":105,"column":10}},"skip":true},"7":{"name":"(anonymous_7)","line":113,"loc":{"start":{"line":113,"column":77},"end":{"line":116,"column":10}},"skip":true},"8":{"name":"(anonymous_8)","line":129,"loc":{"start":{"line":129,"column":12},"end":{"line":129,"column":40}},"skip":true},"9":{"name":"(anonymous_9)","line":137,"loc":{"start":{"line":137,"column":77},"end":{"line":140,"column":10}},"skip":true},"10":{"name":"(anonymous_10)","line":148,"loc":{"start":{"line":148,"column":83},"end":{"line":151,"column":10}},"skip":true},"11":{"name":"(anonymous_11)","line":159,"loc":{"start":{"line":159,"column":79},"end":{"line":162,"column":10}},"skip":true},"12":{"name":"(anonymous_12)","line":170,"loc":{"start":{"line":170,"column":75},"end":{"line":173,"column":10}},"skip":true}},"statementMap":{"1":{"start":{"line":12,"column":0},"end":{"line":185,"column":5}},"2":{"start":{"line":14,"column":4},"end":{"line":14,"column":14}},"3":{"start":{"line":19,"column":4},"end":{"line":56,"column":9}},"4":{"start":{"line":21,"column":8},"end":{"line":21,"column":19}},"5":{"start":{"line":23,"column":8},"end":{"line":35,"column":13}},"6":{"start":{"line":24,"column":12},"end":{"line":34,"column":13}},"7":{"start":{"line":25,"column":16},"end":{"line":28,"column":30}},"8":{"start":{"line":30,"column":16},"end":{"line":33,"column":27}},"9":{"start":{"line":37,"column":8},"end":{"line":39,"column":21}},"10":{"start":{"line":40,"column":8},"end":{"line":53,"column":9}},"11":{"start":{"line":43,"column":12},"end":{"line":46,"column":14}},"12":{"start":{"line":47,"column":12},"end":{"line":47,"column":18}},"13":{"start":{"line":50,"column":12},"end":{"line":51,"column":46}},"14":{"start":{"line":52,"column":12},"end":{"line":52,"column":18}},"15":{"start":{"line":55,"column":8},"end":{"line":55,"column":35}},"16":{"start":{"line":61,"column":4},"end":{"line":63,"column":9}},"17":{"start":{"line":62,"column":8},"end":{"line":62,"column":15}},"18":{"start":{"line":64,"column":4},"end":{"line":77,"column":5}},"19":{"start":{"line":70,"column":8},"end":{"line":70,"column":14}},"20":{"start":{"line":76,"column":8},"end":{"line":76,"column":14}},"21":{"start":{"line":82,"column":4},"end":{"line":84,"column":9}},"22":{"start":{"line":83,"column":8},"end":{"line":83,"column":15}},"23":{"start":{"line":85,"column":4},"end":{"line":184,"column":5}},"24":{"start":{"line":92,"column":8},"end":{"line":94,"column":63}},"25":{"start":{"line":95,"column":8},"end":{"line":95,"column":14}},"26":{"start":{"line":102,"column":8},"end":{"line":111,"column":10},"skip":true},"27":{"start":{"line":109,"column":12},"end":{"line":109,"column":55},"skip":true},"28":{"start":{"line":110,"column":12},"end":{"line":110,"column":48},"skip":true},"29":{"start":{"line":113,"column":8},"end":{"line":126,"column":10},"skip":true},"30":{"start":{"line":120,"column":12},"end":{"line":120,"column":76},"skip":true},"31":{"start":{"line":121,"column":12},"end":{"line":121,"column":73},"skip":true},"32":{"start":{"line":122,"column":12},"end":{"line":122,"column":74},"skip":true},"33":{"start":{"line":123,"column":12},"end":{"line":123,"column":79},"skip":true},"34":{"start":{"line":124,"column":12},"end":{"line":124,"column":25},"skip":true},"35":{"start":{"line":125,"column":12},"end":{"line":125,"column":45},"skip":true},"36":{"start":{"line":128,"column":8},"end":{"line":135,"column":14},"skip":true},"37":{"start":{"line":133,"column":16},"end":{"line":133,"column":29},"skip":true},"38":{"start":{"line":134,"column":16},"end":{"line":134,"column":55},"skip":true},"39":{"start":{"line":137,"column":8},"end":{"line":146,"column":10},"skip":true},"40":{"start":{"line":144,"column":12},"end":{"line":144,"column":25},"skip":true},"41":{"start":{"line":145,"column":12},"end":{"line":145,"column":45},"skip":true},"42":{"start":{"line":148,"column":8},"end":{"line":157,"column":10},"skip":true},"43":{"start":{"line":155,"column":12},"end":{"line":155,"column":25},"skip":true},"44":{"start":{"line":156,"column":12},"end":{"line":156,"column":48},"skip":true},"45":{"start":{"line":159,"column":8},"end":{"line":168,"column":10},"skip":true},"46":{"start":{"line":166,"column":12},"end":{"line":166,"column":25},"skip":true},"47":{"start":{"line":167,"column":12},"end":{"line":167,"column":46},"skip":true},"48":{"start":{"line":170,"column":8},"end":{"line":179,"column":10},"skip":true},"49":{"start":{"line":177,"column":12},"end":{"line":177,"column":94},"skip":true},"50":{"start":{"line":178,"column":12},"end":{"line":178,"column":48},"skip":true},"51":{"start":{"line":182,"column":8},"end":{"line":182,"column":35},"skip":true},"52":{"start":{"line":183,"column":8},"end":{"line":183,"column":14},"skip":true}},"branchMap":{"1":{"line":25,"type":"binary-expr","locations":[{"start":{"line":25,"column":23},"end":{"line":25,"column":62}},{"start":{"line":26,"column":20},"end":{"line":26,"column":70}},{"start":{"line":27,"column":20},"end":{"line":27,"column":71}},{"start":{"line":28,"column":20},"end":{"line":28,"column":29}}]},"2":{"line":30,"type":"binary-expr","locations":[{"start":{"line":30,"column":23},"end":{"line":30,"column":37}},{"start":{"line":31,"column":20},"end":{"line":31,"column":61}},{"start":{"line":32,"column":20},"end":{"line":32,"column":70}},{"start":{"line":33,"column":20},"end":{"line":33,"column":26}}]},"3":{"line":37,"type":"cond-expr","locations":[{"start":{"line":38,"column":14},"end":{"line":38,"column":20}},{"start":{"line":39,"column":14},"end":{"line":39,"column":20}}]},"4":{"line":40,"type":"switch","locations":[{"start":{"line":42,"column":8},"end":{"line":47,"column":18}},{"start":{"line":49,"column":8},"end":{"line":52,"column":18}}]},"5":{"line":44,"type":"binary-expr","locations":[{"start":{"line":44,"column":16},"end":{"line":44,"column":44}},{"start":{"line":44,"column":48},"end":{"line":44,"column":66}}]},"6":{"line":50,"type":"binary-expr","locations":[{"start":{"line":50,"column":21},"end":{"line":50,"column":49}},{"start":{"line":50,"column":53},"end":{"line":50,"column":72}}]},"7":{"line":64,"type":"switch","locations":[{"start":{"line":69,"column":4},"end":{"line":70,"column":14}},{"start":{"line":75,"column":4},"end":{"line":76,"column":14}}]},"8":{"line":85,"type":"switch","locations":[{"start":{"line":90,"column":4},"end":{"line":95,"column":14}},{"start":{"line":101,"column":4},"end":{"line":183,"column":14},"skip":true}]},"9":{"line":92,"type":"binary-expr","locations":[{"start":{"line":92,"column":18},"end":{"line":92,"column":32}},{"start":{"line":93,"column":12},"end":{"line":93,"column":53}},{"start":{"line":94,"column":12},"end":{"line":94,"column":61}}]},"10":{"line":102,"type":"binary-expr","locations":[{"start":{"line":102,"column":45},"end":{"line":102,"column":79},"skip":true},{"start":{"line":102,"column":83},"end":{"line":111,"column":9},"skip":true}]},"11":{"line":113,"type":"binary-expr","locations":[{"start":{"line":113,"column":42},"end":{"line":113,"column":73},"skip":true},{"start":{"line":113,"column":77},"end":{"line":126,"column":9},"skip":true}]},"12":{"line":128,"type":"binary-expr","locations":[{"start":{"line":128,"column":48},"end":{"line":128,"column":85},"skip":true},{"start":{"line":129,"column":12},"end":{"line":135,"column":13},"skip":true}]},"13":{"line":137,"type":"binary-expr","locations":[{"start":{"line":137,"column":42},"end":{"line":137,"column":73},"skip":true},{"start":{"line":137,"column":77},"end":{"line":146,"column":9},"skip":true}]},"14":{"line":148,"type":"binary-expr","locations":[{"start":{"line":148,"column":45},"end":{"line":148,"column":79},"skip":true},{"start":{"line":148,"column":83},"end":{"line":157,"column":9},"skip":true}]},"15":{"line":159,"type":"binary-expr","locations":[{"start":{"line":159,"column":43},"end":{"line":159,"column":75},"skip":true},{"start":{"line":159,"column":79},"end":{"line":168,"column":9},"skip":true}]},"16":{"line":170,"type":"binary-expr","locations":[{"start":{"line":170,"column":41},"end":{"line":170,"column":71},"skip":true},{"start":{"line":170,"column":75},"end":{"line":179,"column":9},"skip":true}]}},"code":["/* istanbul instrument in package npmtest_pug */","/*jslint","    bitwise: true,","    browser: true,","    maxerr: 8,","    maxlen: 96,","    node: true,","    nomen: true,","    regexp: true,","    stupid: true","*/","(function () {","    'use strict';","    var local;","","","","    // run shared js-env code - pre-init","    (function () {","        // init local","        local = {};","        // init modeJs","        local.modeJs = (function () {","            try {","                return typeof navigator.userAgent === 'string' &&","                    typeof document.querySelector('body') === 'object' &&","                    typeof XMLHttpRequest.prototype.open === 'function' &&","                    'browser';","            } catch (errorCaughtBrowser) {","                return module.exports &&","                    typeof process.versions.node === 'string' &&","                    typeof require('http').createServer === 'function' &&","                    'node';","            }","        }());","        // init global","        local.global = local.modeJs === 'browser'","            ? window","            : global;","        switch (local.modeJs) {","        // re-init local from window.local","        case 'browser':","            local = local.global.utility2.objectSetDefault(","                local.global.utility2_rollup || local.global.local,","                local.global.utility2","            );","            break;","        // re-init local from example.js","        case 'node':","            local = (local.global.utility2_rollup || require('utility2'))","                .requireExampleJsFromReadme();","            break;","        }","        // export local","        local.global.local = local;","    }());","","","","    // run shared js-env code - function","    (function () {","        return;","    }());","    switch (local.modeJs) {","","","","    // run browser js-env code - function","    case 'browser':","        break;","","","","    // run node js-env code - function","    case 'node':","        break;","    }","","","","    // run shared js-env code - post-init","    (function () {","        return;","    }());","    switch (local.modeJs) {","","","","    // run browser js-env code - post-init","    case 'browser':","        // run tests","        local.nop(local.modeTest &&","            document.querySelector('#testRunButton1') &&","            document.querySelector('#testRunButton1').click());","        break;","","","","    // run node js-env code - post-init","    /* istanbul ignore next */","    case 'node':","        local.testCase_buildApidoc_default = local.testCase_buildApidoc_default || function (","            options,","            onError","        ) {","        /*","         * this function will test buildApidoc's default handling-behavior-behavior","         */","            options = { modulePathList: module.paths };","            local.buildApidoc(options, onError);","        };","","        local.testCase_buildApp_default = local.testCase_buildApp_default || function (","            options,","            onError","        ) {","        /*","         * this function will test buildApp's default handling-behavior-behavior","         */","            local.testCase_buildReadme_default(options, local.onErrorThrow);","            local.testCase_buildLib_default(options, local.onErrorThrow);","            local.testCase_buildTest_default(options, local.onErrorThrow);","            local.testCase_buildCustomOrg_default(options, local.onErrorThrow);","            options = [];","            local.buildApp(options, onError);","        };","","        local.testCase_buildCustomOrg_default = local.testCase_buildCustomOrg_default ||","            function (options, onError) {","            /*","             * this function will test buildCustomOrg's default handling-behavior","             */","                options = {};","                local.buildCustomOrg(options, onError);","            };","","        local.testCase_buildLib_default = local.testCase_buildLib_default || function (","            options,","            onError","        ) {","        /*","         * this function will test buildLib's default handling-behavior","         */","            options = {};","            local.buildLib(options, onError);","        };","","        local.testCase_buildReadme_default = local.testCase_buildReadme_default || function (","            options,","            onError","        ) {","        /*","         * this function will test buildReadme's default handling-behavior-behavior","         */","            options = {};","            local.buildReadme(options, onError);","        };","","        local.testCase_buildTest_default = local.testCase_buildTest_default || function (","            options,","            onError","        ) {","        /*","         * this function will test buildTest's default handling-behavior","         */","            options = {};","            local.buildTest(options, onError);","        };","","        local.testCase_webpage_default = local.testCase_webpage_default || function (","            options,","            onError","        ) {","        /*","         * this function will test webpage's default handling-behavior","         */","            options = { modeCoverageMerge: true, url: local.serverLocalHost + '?modeTest=1' };","            local.browserTest(options, onError);","        };","","        // run test-server","        local.testRunServer(local);","        break;","    }","}());",""],"l":{"12":2,"14":2,"19":2,"21":2,"23":2,"24":2,"25":2,"30":1,"37":2,"40":2,"43":1,"47":1,"50":1,"52":1,"55":2,"61":2,"62":2,"64":2,"70":1,"76":1,"82":2,"83":2,"85":2,"92":1,"95":1,"102":1,"109":1,"110":1,"113":1,"120":1,"121":1,"122":1,"123":1,"124":1,"125":1,"128":1,"133":2,"134":2,"137":1,"144":2,"145":2,"148":1,"155":2,"156":2,"159":1,"166":2,"167":2,"170":1,"177":1,"178":1,"182":1,"183":1}},"/home/travis/build/npmtest/node-npmtest-pug/lib.npmtest_pug.js":{"path":"/home/travis/build/npmtest/node-npmtest-pug/lib.npmtest_pug.js","s":{"1":2,"2":2,"3":2,"4":2,"5":2,"6":2,"7":2,"8":1,"9":2,"10":2,"11":2,"12":2,"13":1,"14":1,"15":1,"16":1},"b":{"1":[2,1,1,1],"2":[1,1,1,1],"3":[1,1],"4":[2,2],"5":[1,1]},"f":{"1":2,"2":2,"3":2},"fnMap":{"1":{"name":"(anonymous_1)","line":12,"loc":{"start":{"line":12,"column":1},"end":{"line":12,"column":13}}},"2":{"name":"(anonymous_2)","line":19,"loc":{"start":{"line":19,"column":5},"end":{"line":19,"column":17}}},"3":{"name":"(anonymous_3)","line":23,"loc":{"start":{"line":23,"column":24},"end":{"line":23,"column":36}}}},"statementMap":{"1":{"start":{"line":12,"column":0},"end":{"line":53,"column":5}},"2":{"start":{"line":14,"column":4},"end":{"line":14,"column":14}},"3":{"start":{"line":19,"column":4},"end":{"line":52,"column":9}},"4":{"start":{"line":21,"column":8},"end":{"line":21,"column":19}},"5":{"start":{"line":23,"column":8},"end":{"line":35,"column":13}},"6":{"start":{"line":24,"column":12},"end":{"line":34,"column":13}},"7":{"start":{"line":25,"column":16},"end":{"line":28,"column":30}},"8":{"start":{"line":30,"column":16},"end":{"line":33,"column":27}},"9":{"start":{"line":37,"column":8},"end":{"line":39,"column":21}},"10":{"start":{"line":41,"column":8},"end":{"line":41,"column":54}},"11":{"start":{"line":43,"column":8},"end":{"line":43,"column":48}},"12":{"start":{"line":45,"column":8},"end":{"line":51,"column":9}},"13":{"start":{"line":46,"column":12},"end":{"line":46,"column":54}},"14":{"start":{"line":48,"column":12},"end":{"line":48,"column":35}},"15":{"start":{"line":49,"column":12},"end":{"line":49,"column":49}},"16":{"start":{"line":50,"column":12},"end":{"line":50,"column":43}}},"branchMap":{"1":{"line":25,"type":"binary-expr","locations":[{"start":{"line":25,"column":23},"end":{"line":25,"column":62}},{"start":{"line":26,"column":20},"end":{"line":26,"column":70}},{"start":{"line":27,"column":20},"end":{"line":27,"column":71}},{"start":{"line":28,"column":20},"end":{"line":28,"column":29}}]},"2":{"line":30,"type":"binary-expr","locations":[{"start":{"line":30,"column":23},"end":{"line":30,"column":37}},{"start":{"line":31,"column":20},"end":{"line":31,"column":61}},{"start":{"line":32,"column":20},"end":{"line":32,"column":70}},{"start":{"line":33,"column":20},"end":{"line":33,"column":26}}]},"3":{"line":37,"type":"cond-expr","locations":[{"start":{"line":38,"column":14},"end":{"line":38,"column":20}},{"start":{"line":39,"column":14},"end":{"line":39,"column":20}}]},"4":{"line":41,"type":"binary-expr","locations":[{"start":{"line":41,"column":16},"end":{"line":41,"column":44}},{"start":{"line":41,"column":48},"end":{"line":41,"column":53}}]},"5":{"line":45,"type":"if","locations":[{"start":{"line":45,"column":8},"end":{"line":45,"column":8}},{"start":{"line":45,"column":8},"end":{"line":45,"column":8}}]}},"code":["/* istanbul instrument in package npmtest_pug */","/*jslint","    bitwise: true,","    browser: true,","    maxerr: 8,","    maxlen: 96,","    node: true,","    nomen: true,","    regexp: true,","    stupid: true","*/","(function () {","    'use strict';","    var local;","","","","    // run shared js-env code - pre-init","    (function () {","        // init local","        local = {};","        // init modeJs","        local.modeJs = (function () {","            try {","                return typeof navigator.userAgent === 'string' &&","                    typeof document.querySelector('body') === 'object' &&","                    typeof XMLHttpRequest.prototype.open === 'function' &&","                    'browser';","            } catch (errorCaughtBrowser) {","                return module.exports &&","                    typeof process.versions.node === 'string' &&","                    typeof require('http').createServer === 'function' &&","                    'node';","            }","        }());","        // init global","        local.global = local.modeJs === 'browser'","            ? window","            : global;","        // init utility2_rollup","        local = local.global.utility2_rollup || local;","        // init lib","        local.local = local.npmtest_pug = local;","        // init exports","        if (local.modeJs === 'browser') {","            local.global.utility2_npmtest_pug = local;","        } else {","            module.exports = local;","            module.exports.__dirname = __dirname;","            module.exports.module = module;","        }","    }());","}());",""],"l":{"12":2,"14":2,"19":2,"21":2,"23":2,"24":2,"25":2,"30":1,"37":2,"41":2,"43":2,"45":2,"46":1,"48":1,"49":1,"50":1}},"/home/travis/build/npmtest/node-npmtest-pug/example.js":{"path":"/home/travis/build/npmtest/node-npmtest-pug/example.js","s":{"1":2,"2":2,"3":2,"4":2,"5":2,"6":2,"7":2,"8":1,"9":2,"10":2,"11":2,"12":2,"13":1,"14":2,"15":2,"16":2,"17":2,"18":2,"19":0,"20":2,"21":1,"22":1,"23":1,"24":1,"25":1,"26":0,"27":0,"28":1,"29":1,"30":2,"31":0,"32":0,"33":0,"34":1,"35":2,"36":2,"37":2,"38":2,"39":2,"40":2,"41":0,"42":2,"43":2,"44":2,"45":1,"46":3,"47":1,"48":1,"49":1,"50":1,"51":1,"52":1,"53":1,"54":1,"55":1,"56":1,"57":0,"58":1,"59":6,"60":6,"61":1,"62":2,"63":0,"64":2,"65":1,"66":1,"67":0,"68":0,"69":0,"70":0,"71":0,"72":0,"73":0,"74":0,"75":0,"76":0,"77":0,"78":0,"79":0,"80":0,"81":0,"82":0,"83":0},"b":{"1":[2,1,1,1],"2":[1,1,1,1],"3":[1,1],"4":[2,2],"5":[1,1],"6":[1,1],"7":[2,0],"8":[2,1,1,1,1,1],"9":[0,2,0],"10":[1,1],"11":[2,1,1],"12":[1,0],"13":[0,2],"14":[2,0,0,0,0,0,0],"15":[0,2],"16":[2,0],"17":[1,1],"18":[0,1],"19":[1,2,0,2],"20":[1,0],"21":[1,1],"22":[0,0],"23":[0,0],"24":[0,0],"25":[0,0],"26":[0,0],"27":[0,0],"28":[0,0]},"f":{"1":2,"2":2,"3":2,"4":2,"5":2,"6":2,"7":2,"8":2,"9":3,"10":1,"11":6,"12":0},"fnMap":{"1":{"name":"(anonymous_1)","line":26,"loc":{"start":{"line":26,"column":1},"end":{"line":26,"column":13}}},"2":{"name":"(anonymous_2)","line":33,"loc":{"start":{"line":33,"column":5},"end":{"line":33,"column":17}}},"3":{"name":"(anonymous_3)","line":37,"loc":{"start":{"line":37,"column":24},"end":{"line":37,"column":36}}},"4":{"name":"(anonymous_4)","line":69,"loc":{"start":{"line":69,"column":31},"end":{"line":69,"column":48}},"skip":true},"5":{"name":"(anonymous_5)","line":78,"loc":{"start":{"line":78,"column":26},"end":{"line":78,"column":45}},"skip":true},"6":{"name":"(anonymous_6)","line":123,"loc":{"start":{"line":123,"column":33},"end":{"line":123,"column":48}},"skip":true},"7":{"name":"(anonymous_7)","line":125,"loc":{"start":{"line":125,"column":27},"end":{"line":125,"column":39}},"skip":true},"8":{"name":"(anonymous_8)","line":133,"loc":{"start":{"line":133,"column":59},"end":{"line":133,"column":74}},"skip":true},"9":{"name":"(anonymous_9)","line":143,"loc":{"start":{"line":143,"column":45},"end":{"line":143,"column":62}},"skip":true},"10":{"name":"(anonymous_10)","line":144,"loc":{"start":{"line":144,"column":73},"end":{"line":144,"column":92}},"skip":true},"11":{"name":"(anonymous_11)","line":272,"loc":{"start":{"line":272,"column":51},"end":{"line":272,"column":77}},"skip":true},"12":{"name":"(anonymous_12)","line":314,"loc":{"start":{"line":314,"column":32},"end":{"line":314,"column":61}},"skip":true}},"statementMap":{"1":{"start":{"line":26,"column":0},"end":{"line":325,"column":5}},"2":{"start":{"line":28,"column":4},"end":{"line":28,"column":14}},"3":{"start":{"line":33,"column":4},"end":{"line":60,"column":9}},"4":{"start":{"line":35,"column":8},"end":{"line":35,"column":19}},"5":{"start":{"line":37,"column":8},"end":{"line":49,"column":13}},"6":{"start":{"line":38,"column":12},"end":{"line":48,"column":13}},"7":{"start":{"line":39,"column":16},"end":{"line":42,"column":30}},"8":{"start":{"line":44,"column":16},"end":{"line":47,"column":27}},"9":{"start":{"line":51,"column":8},"end":{"line":53,"column":21}},"10":{"start":{"line":55,"column":8},"end":{"line":57,"column":45}},"11":{"start":{"line":59,"column":8},"end":{"line":59,"column":35}},"12":{"start":{"line":61,"column":4},"end":{"line":324,"column":5}},"13":{"start":{"line":69,"column":8},"end":{"line":121,"column":10},"skip":true},"14":{"start":{"line":70,"column":12},"end":{"line":88,"column":13},"skip":true},"15":{"start":{"line":76,"column":16},"end":{"line":87,"column":19},"skip":true},"16":{"start":{"line":79,"column":20},"end":{"line":86,"column":21},"skip":true},"17":{"start":{"line":82,"column":24},"end":{"line":82,"column":43},"skip":true},"18":{"start":{"line":83,"column":24},"end":{"line":83,"column":30},"skip":true},"19":{"start":{"line":85,"column":24},"end":{"line":85,"column":49},"skip":true},"20":{"start":{"line":89,"column":12},"end":{"line":107,"column":13},"skip":true},"21":{"start":{"line":92,"column":16},"end":{"line":102,"column":17},"skip":true},"22":{"start":{"line":93,"column":20},"end":{"line":93,"column":86},"skip":true},"23":{"start":{"line":94,"column":20},"end":{"line":95,"column":45},"skip":true},"24":{"start":{"line":96,"column":20},"end":{"line":96,"column":42},"skip":true},"25":{"start":{"line":97,"column":20},"end":{"line":97,"column":48},"skip":true},"26":{"start":{"line":100,"column":20},"end":{"line":100,"column":85},"skip":true},"27":{"start":{"line":101,"column":20},"end":{"line":101,"column":96},"skip":true},"28":{"start":{"line":103,"column":16},"end":{"line":103,"column":22},"skip":true},"29":{"start":{"line":106,"column":16},"end":{"line":106,"column":22},"skip":true},"30":{"start":{"line":108,"column":12},"end":{"line":120,"column":13},"skip":true},"31":{"start":{"line":114,"column":16},"end":{"line":119,"column":17},"skip":true},"32":{"start":{"line":116,"column":20},"end":{"line":116,"column":78},"skip":true},"33":{"start":{"line":118,"column":20},"end":{"line":118,"column":47},"skip":true},"34":{"start":{"line":123,"column":8},"end":{"line":141,"column":11},"skip":true},"35":{"start":{"line":124,"column":12},"end":{"line":124,"column":54},"skip":true},"36":{"start":{"line":125,"column":12},"end":{"line":140,"column":14},"skip":true},"37":{"start":{"line":126,"column":16},"end":{"line":126,"column":28},"skip":true},"38":{"start":{"line":127,"column":16},"end":{"line":127,"column":69},"skip":true},"39":{"start":{"line":128,"column":16},"end":{"line":128,"column":75},"skip":true},"40":{"start":{"line":129,"column":16},"end":{"line":131,"column":17},"skip":true},"41":{"start":{"line":130,"column":20},"end":{"line":130,"column":27},"skip":true},"42":{"start":{"line":133,"column":16},"end":{"line":137,"column":36},"skip":true},"43":{"start":{"line":134,"column":20},"end":{"line":136,"column":55},"skip":true},"44":{"start":{"line":139,"column":16},"end":{"line":139,"column":57},"skip":true},"45":{"start":{"line":143,"column":8},"end":{"line":147,"column":11},"skip":true},"46":{"start":{"line":144,"column":12},"end":{"line":146,"column":15},"skip":true},"47":{"start":{"line":145,"column":16},"end":{"line":145,"column":70},"skip":true},"48":{"start":{"line":149,"column":8},"end":{"line":149,"column":31},"skip":true},"49":{"start":{"line":150,"column":8},"end":{"line":150,"column":14},"skip":true},"50":{"start":{"line":158,"column":8},"end":{"line":158,"column":31},"skip":true},"51":{"start":{"line":160,"column":8},"end":{"line":160,"column":33},"skip":true},"52":{"start":{"line":161,"column":8},"end":{"line":161,"column":37},"skip":true},"53":{"start":{"line":162,"column":8},"end":{"line":162,"column":35},"skip":true},"54":{"start":{"line":164,"column":8},"end":{"line":164,"column":50},"skip":true},"55":{"start":{"line":166,"column":8},"end":{"line":256,"column":2},"skip":true},"56":{"start":{"line":258,"column":8},"end":{"line":286,"column":9},"skip":true},"57":{"start":{"line":259,"column":12},"end":{"line":269,"column":14},"skip":true},"58":{"start":{"line":271,"column":12},"end":{"line":285,"column":19},"skip":true},"59":{"start":{"line":274,"column":20},"end":{"line":274,"column":35},"skip":true},"60":{"start":{"line":275,"column":20},"end":{"line":284,"column":21},"skip":true},"61":{"start":{"line":277,"column":24},"end":{"line":277,"column":64},"skip":true},"62":{"start":{"line":279,"column":24},"end":{"line":279,"column":40},"skip":true},"63":{"start":{"line":281,"column":24},"end":{"line":281,"column":40},"skip":true},"64":{"start":{"line":283,"column":24},"end":{"line":283,"column":39},"skip":true},"65":{"start":{"line":288,"column":8},"end":{"line":290,"column":9},"skip":true},"66":{"start":{"line":289,"column":12},"end":{"line":289,"column":18},"skip":true},"67":{"start":{"line":291,"column":8},"end":{"line":293,"column":54},"skip":true},"68":{"start":{"line":294,"column":8},"end":{"line":301,"column":37},"skip":true},"69":{"start":{"line":302,"column":8},"end":{"line":302,"column":82},"skip":true},"70":{"start":{"line":305,"column":8},"end":{"line":307,"column":9},"skip":true},"71":{"start":{"line":306,"column":12},"end":{"line":306,"column":82},"skip":true},"72":{"start":{"line":309,"column":8},"end":{"line":311,"column":9},"skip":true},"73":{"start":{"line":310,"column":12},"end":{"line":310,"column":18},"skip":true},"74":{"start":{"line":312,"column":8},"end":{"line":312,"column":54},"skip":true},"75":{"start":{"line":313,"column":8},"end":{"line":313,"column":69},"skip":true},"76":{"start":{"line":314,"column":8},"end":{"line":322,"column":36},"skip":true},"77":{"start":{"line":315,"column":12},"end":{"line":315,"column":61},"skip":true},"78":{"start":{"line":316,"column":12},"end":{"line":319,"column":13},"skip":true},"79":{"start":{"line":317,"column":16},"end":{"line":317,"column":75},"skip":true},"80":{"start":{"line":318,"column":16},"end":{"line":318,"column":23},"skip":true},"81":{"start":{"line":320,"column":12},"end":{"line":320,"column":38},"skip":true},"82":{"start":{"line":321,"column":12},"end":{"line":321,"column":27},"skip":true},"83":{"start":{"line":323,"column":8},"end":{"line":323,"column":14},"skip":true}},"branchMap":{"1":{"line":39,"type":"binary-expr","locations":[{"start":{"line":39,"column":23},"end":{"line":39,"column":62}},{"start":{"line":40,"column":20},"end":{"line":40,"column":70}},{"start":{"line":41,"column":20},"end":{"line":41,"column":71}},{"start":{"line":42,"column":20},"end":{"line":42,"column":29}}]},"2":{"line":44,"type":"binary-expr","locations":[{"start":{"line":44,"column":23},"end":{"line":44,"column":37}},{"start":{"line":45,"column":20},"end":{"line":45,"column":61}},{"start":{"line":46,"column":20},"end":{"line":46,"column":70}},{"start":{"line":47,"column":20},"end":{"line":47,"column":26}}]},"3":{"line":51,"type":"cond-expr","locations":[{"start":{"line":52,"column":14},"end":{"line":52,"column":20}},{"start":{"line":53,"column":14},"end":{"line":53,"column":20}}]},"4":{"line":55,"type":"binary-expr","locations":[{"start":{"line":55,"column":16},"end":{"line":55,"column":44}},{"start":{"line":55,"column":49},"end":{"line":57,"column":43}}]},"5":{"line":55,"type":"cond-expr","locations":[{"start":{"line":56,"column":14},"end":{"line":56,"column":47}},{"start":{"line":57,"column":14},"end":{"line":57,"column":43}}]},"6":{"line":61,"type":"switch","locations":[{"start":{"line":68,"column":4},"end":{"line":150,"column":14},"skip":true},{"start":{"line":156,"column":4},"end":{"line":323,"column":14},"skip":true}]},"7":{"line":70,"type":"if","locations":[{"start":{"line":70,"column":12},"end":{"line":70,"column":12},"skip":true},{"start":{"line":70,"column":12},"end":{"line":70,"column":12},"skip":true}]},"8":{"line":70,"type":"binary-expr","locations":[{"start":{"line":70,"column":16},"end":{"line":70,"column":22},"skip":true},{"start":{"line":70,"column":27},"end":{"line":70,"column":32},"skip":true},{"start":{"line":71,"column":20},"end":{"line":71,"column":39},"skip":true},{"start":{"line":72,"column":20},"end":{"line":72,"column":49},"skip":true},{"start":{"line":73,"column":20},"end":{"line":73,"column":58},"skip":true},{"start":{"line":74,"column":20},"end":{"line":74,"column":69},"skip":true}]},"9":{"line":79,"type":"switch","locations":[{"start":{"line":80,"column":20},"end":{"line":80,"column":33},"skip":true},{"start":{"line":81,"column":20},"end":{"line":83,"column":30},"skip":true},{"start":{"line":84,"column":20},"end":{"line":85,"column":49},"skip":true}]},"10":{"line":89,"type":"switch","locations":[{"start":{"line":90,"column":12},"end":{"line":103,"column":22},"skip":true},{"start":{"line":105,"column":12},"end":{"line":106,"column":22},"skip":true}]},"11":{"line":89,"type":"binary-expr","locations":[{"start":{"line":89,"column":20},"end":{"line":89,"column":25},"skip":true},{"start":{"line":89,"column":29},"end":{"line":89,"column":48},"skip":true},{"start":{"line":89,"column":52},"end":{"line":89,"column":74},"skip":true}]},"12":{"line":92,"type":"if","locations":[{"start":{"line":92,"column":16},"end":{"line":92,"column":16},"skip":true},{"start":{"line":92,"column":16},"end":{"line":92,"column":16},"skip":true}]},"13":{"line":108,"type":"if","locations":[{"start":{"line":108,"column":12},"end":{"line":108,"column":12},"skip":true},{"start":{"line":108,"column":12},"end":{"line":108,"column":12},"skip":true}]},"14":{"line":108,"type":"binary-expr","locations":[{"start":{"line":108,"column":16},"end":{"line":108,"column":61},"skip":true},{"start":{"line":108,"column":66},"end":{"line":108,"column":72},"skip":true},{"start":{"line":108,"column":77},"end":{"line":108,"column":82},"skip":true},{"start":{"line":109,"column":20},"end":{"line":109,"column":39},"skip":true},{"start":{"line":110,"column":20},"end":{"line":110,"column":49},"skip":true},{"start":{"line":111,"column":20},"end":{"line":111,"column":58},"skip":true},{"start":{"line":112,"column":20},"end":{"line":112,"column":68},"skip":true}]},"15":{"line":129,"type":"if","locations":[{"start":{"line":129,"column":16},"end":{"line":129,"column":16},"skip":true},{"start":{"line":129,"column":16},"end":{"line":129,"column":16},"skip":true}]},"16":{"line":134,"type":"cond-expr","locations":[{"start":{"line":135,"column":26},"end":{"line":135,"column":29},"skip":true},{"start":{"line":136,"column":26},"end":{"line":136,"column":54},"skip":true}]},"17":{"line":164,"type":"binary-expr","locations":[{"start":{"line":164,"column":27},"end":{"line":164,"column":43},"skip":true},{"start":{"line":164,"column":47},"end":{"line":164,"column":49},"skip":true}]},"18":{"line":258,"type":"if","locations":[{"start":{"line":258,"column":8},"end":{"line":258,"column":8},"skip":true},{"start":{"line":258,"column":8},"end":{"line":258,"column":8},"skip":true}]},"19":{"line":275,"type":"switch","locations":[{"start":{"line":276,"column":20},"end":{"line":277,"column":64},"skip":true},{"start":{"line":278,"column":20},"end":{"line":279,"column":40},"skip":true},{"start":{"line":280,"column":20},"end":{"line":281,"column":40},"skip":true},{"start":{"line":282,"column":20},"end":{"line":283,"column":39},"skip":true}]},"20":{"line":288,"type":"if","locations":[{"start":{"line":288,"column":8},"end":{"line":288,"column":8},"skip":true},{"start":{"line":288,"column":8},"end":{"line":288,"column":8},"skip":true}]},"21":{"line":288,"type":"binary-expr","locations":[{"start":{"line":288,"column":12},"end":{"line":288,"column":40},"skip":true},{"start":{"line":288,"column":44},"end":{"line":288,"column":67},"skip":true}]},"22":{"line":292,"type":"binary-expr","locations":[{"start":{"line":292,"column":12},"end":{"line":292,"column":50},"skip":true},{"start":{"line":293,"column":12},"end":{"line":293,"column":53},"skip":true}]},"23":{"line":295,"type":"binary-expr","locations":[{"start":{"line":295,"column":12},"end":{"line":295,"column":61},"skip":true},{"start":{"line":296,"column":12},"end":{"line":301,"column":36},"skip":true}]},"24":{"line":302,"type":"binary-expr","locations":[{"start":{"line":302,"column":43},"end":{"line":302,"column":75},"skip":true},{"start":{"line":302,"column":79},"end":{"line":302,"column":81},"skip":true}]},"25":{"line":305,"type":"if","locations":[{"start":{"line":305,"column":8},"end":{"line":305,"column":8},"skip":true},{"start":{"line":305,"column":8},"end":{"line":305,"column":8},"skip":true}]},"26":{"line":309,"type":"if","locations":[{"start":{"line":309,"column":8},"end":{"line":309,"column":8},"skip":true},{"start":{"line":309,"column":8},"end":{"line":309,"column":8},"skip":true}]},"27":{"line":312,"type":"binary-expr","locations":[{"start":{"line":312,"column":27},"end":{"line":312,"column":43},"skip":true},{"start":{"line":312,"column":47},"end":{"line":312,"column":53},"skip":true}]},"28":{"line":316,"type":"if","locations":[{"start":{"line":316,"column":12},"end":{"line":316,"column":12},"skip":true},{"start":{"line":316,"column":12},"end":{"line":316,"column":12},"skip":true}]}},"code":["/*","example.js","","quickstart example","","instruction","    1. save this script as example.js","    2. run the shell command:","        $ npm install npmtest-pug && PORT=8081 node example.js","    3. play with the browser-demo on http://127.0.0.1:8081","*/","","","","/* istanbul instrument in package npmtest_pug */","/*jslint","    bitwise: true,","    browser: true,","    maxerr: 8,","    maxlen: 96,","    node: true,","    nomen: true,","    regexp: true,","    stupid: true","*/","(function () {","    'use strict';","    var local;","","","","    // run shared js-env code - pre-init","    (function () {","        // init local","        local = {};","        // init modeJs","        local.modeJs = (function () {","            try {","                return typeof navigator.userAgent === 'string' &&","                    typeof document.querySelector('body') === 'object' &&","                    typeof XMLHttpRequest.prototype.open === 'function' &&","                    'browser';","            } catch (errorCaughtBrowser) {","                return module.exports &&","                    typeof process.versions.node === 'string' &&","                    typeof require('http').createServer === 'function' &&","                    'node';","            }","        }());","        // init global","        local.global = local.modeJs === 'browser'","            ? window","            : global;","        // init utility2_rollup","        local = local.global.utility2_rollup || (local.modeJs === 'browser'","            ? local.global.utility2_npmtest_pug","            : global.utility2_moduleExports);","        // export local","        local.global.local = local;","    }());","    switch (local.modeJs) {","","","","    // post-init","    // run browser js-env code - post-init","    /* istanbul ignore next */","    case 'browser':","        local.testRunBrowser = function (event) {","            if (!event || (event &&","                    event.currentTarget &&","                    event.currentTarget.className &&","                    event.currentTarget.className.includes &&","                    event.currentTarget.className.includes('onreset'))) {","                // reset output","                Array.from(","                    document.querySelectorAll('body > .resettable')","                ).forEach(function (element) {","                    switch (element.tagName) {","                    case 'INPUT':","                    case 'TEXTAREA':","                        element.value = '';","                        break;","                    default:","                        element.textContent = '';","                    }","                });","            }","            switch (event && event.currentTarget && event.currentTarget.id) {","            case 'testRunButton1':","                // show tests","                if (document.querySelector('#testReportDiv1').style.display === 'none') {","                    document.querySelector('#testReportDiv1').style.display = 'block';","                    document.querySelector('#testRunButton1').textContent =","                        'hide internal test';","                    local.modeTest = true;","                    local.testRunDefault(local);","                // hide tests","                } else {","                    document.querySelector('#testReportDiv1').style.display = 'none';","                    document.querySelector('#testRunButton1').textContent = 'run internal test';","                }","                break;","            // custom-case","            default:","                break;","            }","            if (document.querySelector('#inputTextareaEval1') && (!event || (event &&","                    event.currentTarget &&","                    event.currentTarget.className &&","                    event.currentTarget.className.includes &&","                    event.currentTarget.className.includes('oneval')))) {","                // try to eval input-code","                try {","                    /*jslint evil: true*/","                    eval(document.querySelector('#inputTextareaEval1').value);","                } catch (errorCaught) {","                    console.error(errorCaught);","                }","            }","        };","        // log stderr and stdout to #outputTextareaStdout1","        ['error', 'log'].forEach(function (key) {","            console[key + '_original'] = console[key];","            console[key] = function () {","                var element;","                console[key + '_original'].apply(console, arguments);","                element = document.querySelector('#outputTextareaStdout1');","                if (!element) {","                    return;","                }","                // append text to #outputTextareaStdout1","                element.value += Array.from(arguments).map(function (arg) {","                    return typeof arg === 'string'","                        ? arg","                        : JSON.stringify(arg, null, 4);","                }).join(' ') + '\\n';","                // scroll textarea to bottom","                element.scrollTop = element.scrollHeight;","            };","        });","        // init event-handling","        ['change', 'click', 'keyup'].forEach(function (event) {","            Array.from(document.querySelectorAll('.on' + event)).forEach(function (element) {","                element.addEventListener(event, local.testRunBrowser);","            });","        });","        // run tests","        local.testRunBrowser();","        break;","","","","    // run node js-env code - post-init","    /* istanbul ignore next */","    case 'node':","        // export local","        module.exports = local;","        // require modules","        local.fs = require('fs');","        local.http = require('http');","        local.url = require('url');","        // init assets","        local.assetsDict = local.assetsDict || {};","        /* jslint-ignore-begin */","        local.assetsDict['/assets.index.template.html'] = '\\","<!doctype html>\\n\\","<html lang=\"en\">\\n\\","<head>\\n\\","<meta charset=\"UTF-8\">\\n\\","<meta name=\"viewport\" content=\"width=device-width, initial-scale=1\">\\n\\","<title>{{env.npm_package_name}} (v{{env.npm_package_version}})</title>\\n\\","<style>\\n\\","/*csslint\\n\\","    box-sizing: false,\\n\\","    universal-selector: false\\n\\","*/\\n\\","* {\\n\\","    box-sizing: border-box;\\n\\","}\\n\\","body {\\n\\","    background: #dde;\\n\\","    font-family: Arial, Helvetica, sans-serif;\\n\\","    margin: 2rem;\\n\\","}\\n\\","body > * {\\n\\","    margin-bottom: 1rem;\\n\\","}\\n\\",".utility2FooterDiv {\\n\\","    margin-top: 20px;\\n\\","    text-align: center;\\n\\","}\\n\\","</style>\\n\\","<style>\\n\\","/*csslint\\n\\","*/\\n\\","textarea {\\n\\","    font-family: monospace;\\n\\","    height: 10rem;\\n\\","    width: 100%;\\n\\","}\\n\\","textarea[readonly] {\\n\\","    background: #ddd;\\n\\","}\\n\\","</style>\\n\\","</head>\\n\\","<body>\\n\\","<!-- utility2-comment\\n\\","<div id=\"ajaxProgressDiv1\" style=\"background: #d00; height: 2px; left: 0; margin: 0; padding: 0; position: fixed; top: 0; transition: background 0.5s, width 1.5s; width: 25%;\"></div>\\n\\","utility2-comment -->\\n\\","<h1>\\n\\","<!-- utility2-comment\\n\\","    <a\\n\\","        {{#if env.npm_package_homepage}}\\n\\","        href=\"{{env.npm_package_homepage}}\"\\n\\","        {{/if env.npm_package_homepage}}\\n\\","        target=\"_blank\"\\n\\","    >\\n\\","utility2-comment -->\\n\\","        {{env.npm_package_name}} (v{{env.npm_package_version}})\\n\\","<!-- utility2-comment\\n\\","    </a>\\n\\","utility2-comment -->\\n\\","</h1>\\n\\","<h3>{{env.npm_package_description}}</h3>\\n\\","<!-- utility2-comment\\n\\","<h4><a download href=\"assets.app.js\">download standalone app</a></h4>\\n\\","<button class=\"onclick onreset\" id=\"testRunButton1\">run internal test</button><br>\\n\\","<div id=\"testReportDiv1\" style=\"display: none;\"></div>\\n\\","utility2-comment -->\\n\\","\\n\\","\\n\\","\\n\\","<label>stderr and stdout</label>\\n\\","<textarea class=\"resettable\" id=\"outputTextareaStdout1\" readonly></textarea>\\n\\","<!-- utility2-comment\\n\\","{{#if isRollup}}\\n\\","<script src=\"assets.app.js\"></script>\\n\\","{{#unless isRollup}}\\n\\","utility2-comment -->\\n\\","<script src=\"assets.utility2.rollup.js\"></script>\\n\\","<script src=\"jsonp.utility2._stateInit?callback=window.utility2._stateInit\"></script>\\n\\","<script src=\"assets.npmtest_pug.rollup.js\"></script>\\n\\","<script src=\"assets.example.js\"></script>\\n\\","<script src=\"assets.test.js\"></script>\\n\\","<!-- utility2-comment\\n\\","{{/if isRollup}}\\n\\","utility2-comment -->\\n\\","<div class=\"utility2FooterDiv\">\\n\\","    [ this app was created with\\n\\","    <a href=\"https://github.com/kaizhu256/node-utility2\" target=\"_blank\">utility2</a>\\n\\","    ]\\n\\","</div>\\n\\","</body>\\n\\","</html>\\n\\","';","        /* jslint-ignore-end */","        if (local.templateRender) {","            local.assetsDict['/'] = local.templateRender(","                local.assetsDict['/assets.index.template.html'],","                {","                    env: local.objectSetDefault(local.env, {","                        npm_package_description: 'the greatest app in the world!',","                        npm_package_name: 'my-app',","                        npm_package_nameAlias: 'my_app',","                        npm_package_version: '0.0.1'","                    })","                }","            );","        } else {","            local.assetsDict['/'] = local.assetsDict['/assets.index.template.html']","                .replace((/\\{\\{env\\.(\\w+?)\\}\\}/g), function (match0, match1) {","                    // jslint-hack","                    String(match0);","                    switch (match1) {","                    case 'npm_package_description':","                        return 'the greatest app in the world!';","                    case 'npm_package_name':","                        return 'my-app';","                    case 'npm_package_nameAlias':","                        return 'my_app';","                    case 'npm_package_version':","                        return '0.0.1';","                    }","                });","        }","        // run the cli","        if (local.global.utility2_rollup || module !== require.main) {","            break;","        }","        local.assetsDict['/assets.example.js'] =","            local.assetsDict['/assets.example.js'] ||","            local.fs.readFileSync(__filename, 'utf8');","        local.assetsDict['/assets.npmtest_pug.rollup.js'] =","            local.assetsDict['/assets.npmtest_pug.rollup.js'] ||","            local.fs.readFileSync(","                // buildCustomOrg-hack","                local.npmtest_pug.__dirname +","                    '/lib.npmtest_pug.js',","                'utf8'","            ).replace((/^#!/), '//');","        local.assetsDict['/favicon.ico'] = local.assetsDict['/favicon.ico'] || '';","        // if $npm_config_timeout_exit exists,","        // then exit this process after $npm_config_timeout_exit ms","        if (Number(process.env.npm_config_timeout_exit)) {","            setTimeout(process.exit, Number(process.env.npm_config_timeout_exit));","        }","        // start server","        if (local.global.utility2_serverHttp1) {","            break;","        }","        process.env.PORT = process.env.PORT || '8081';","        console.error('server starting on port ' + process.env.PORT);","        local.http.createServer(function (request, response) {","            request.urlParsed = local.url.parse(request.url);","            if (local.assetsDict[request.urlParsed.pathname] !== undefined) {","                response.end(local.assetsDict[request.urlParsed.pathname]);","                return;","            }","            response.statusCode = 404;","            response.end();","        }).listen(process.env.PORT);","        break;","    }","}());",""],"l":{"26":2,"28":2,"33":2,"35":2,"37":2,"38":2,"39":2,"44":1,"51":2,"55":2,"59":2,"61":2,"69":1,"70":2,"76":2,"79":2,"82":2,"83":2,"85":1,"89":2,"92":1,"93":1,"94":1,"96":1,"97":1,"100":1,"101":1,"103":1,"106":1,"108":2,"114":1,"116":1,"118":1,"123":1,"124":2,"125":2,"126":2,"127":2,"128":2,"129":2,"130":1,"133":2,"134":2,"139":2,"143":1,"144":3,"145":1,"149":1,"150":1,"158":1,"160":1,"161":1,"162":1,"164":1,"166":1,"258":1,"259":1,"271":1,"274":6,"275":6,"277":1,"279":2,"281":1,"283":2,"288":1,"289":1,"291":1,"294":1,"302":1,"305":1,"306":1,"309":1,"310":1,"312":1,"313":1,"314":1,"315":1,"316":1,"317":1,"318":1,"320":1,"321":1,"323":1}},"/home/travis/build/npmtest/node-npmtest-pug/node_modules/pug/lib/index.js":{"path":"/home/travis/build/npmtest/node-npmtest-pug/node_modules/pug/lib/index.js","s":{"1":1,"2":1,"3":1,"4":1,"5":1,"6":1,"7":1,"8":1,"9":1,"10":1,"11":1,"12":1,"13":1,"14":1,"15":1,"16":0,"17":0,"18":0,"19":0,"20":0,"21":0,"22":0,"23":0,"24":0,"25":0,"26":0,"27":0,"28":0,"29":0,"30":0,"31":0,"32":0,"33":0,"34":0,"35":0,"36":0,"37":0,"38":0,"39":0,"40":0,"41":0,"42":0,"43":0,"44":0,"45":1,"46":0,"47":0,"48":0,"49":0,"50":0,"51":0,"52":0,"53":0,"54":0,"55":1,"56":0,"57":0,"58":0,"59":0,"60":0,"61":0,"62":1,"63":0,"64":0,"65":0,"66":0,"67":1,"68":0,"69":1,"70":0,"71":0,"72":0,"73":1,"74":0,"75":0,"76":0,"77":0,"78":0,"79":0,"80":0,"81":0,"82":0,"83":0,"84":0,"85":0,"86":1,"87":0,"88":0,"89":0,"90":0,"91":0,"92":0,"93":0,"94":0,"95":0,"96":0,"97":0,"98":1,"99":0,"100":0,"101":0,"102":0,"103":0,"104":0,"105":0,"106":0,"107":0,"108":0,"109":1,"110":0,"111":0,"112":0},"b":{"1":[0,0],"2":[0,0],"3":[0,0],"4":[0,0],"5":[0,0],"6":[0,0],"7":[0,0],"8":[0,0],"9":[0,0],"10":[0,0,0],"11":[0,0],"12":[0,0],"13":[0,0],"14":[0,0],"15":[0,0],"16":[0,0],"17":[0,0],"18":[0,0],"19":[0,0],"20":[0,0],"21":[0,0],"22":[0,0],"23":[0,0],"24":[0,0],"25":[0,0],"26":[0,0],"27":[0,0],"28":[0,0],"29":[0,0],"30":[0,0],"31":[0,0],"32":[0,0],"33":[0,0],"34":[0,0],"35":[0,0]},"f":{"1":0,"2":0,"3":0,"4":0,"5":0,"6":0,"7":0,"8":0,"9":0,"10":0,"11":0,"12":0,"13":0},"fnMap":{"1":{"name":"compileBody","line":51,"loc":{"start":{"line":51,"column":0},"end":{"line":51,"column":34}}},"2":{"name":"(anonymous_2)","line":58,"loc":{"start":{"line":58,"column":13},"end":{"line":58,"column":41}}},"3":{"name":"(anonymous_3)","line":62,"loc":{"start":{"line":62,"column":15},"end":{"line":62,"column":43}}},"4":{"name":"(anonymous_4)","line":76,"loc":{"start":{"line":76,"column":12},"end":{"line":76,"column":32}}},"5":{"name":"handleTemplateCache","line":131,"loc":{"start":{"line":131,"column":0},"end":{"line":131,"column":44}}},"6":{"name":"(anonymous_6)","line":159,"loc":{"start":{"line":159,"column":18},"end":{"line":159,"column":40}}},"7":{"name":"(anonymous_7)","line":203,"loc":{"start":{"line":203,"column":47},"end":{"line":203,"column":69}}},"8":{"name":"(anonymous_8)","line":239,"loc":{"start":{"line":239,"column":24},"end":{"line":239,"column":48}}},"9":{"name":"(anonymous_9)","line":257,"loc":{"start":{"line":257,"column":22},"end":{"line":257,"column":47}}},"10":{"name":"(anonymous_10)","line":278,"loc":{"start":{"line":278,"column":17},"end":{"line":278,"column":43}}},"11":{"name":"(anonymous_11)","line":313,"loc":{"start":{"line":313,"column":21},"end":{"line":313,"column":48}}},"12":{"name":"(anonymous_12)","line":344,"loc":{"start":{"line":344,"column":28},"end":{"line":344,"column":51}}},"13":{"name":"(anonymous_13)","line":364,"loc":{"start":{"line":364,"column":20},"end":{"line":364,"column":48}}}},"statementMap":{"1":{"start":{"line":13,"column":0},"end":{"line":13,"column":23}},"2":{"start":{"line":14,"column":0},"end":{"line":14,"column":27}},"3":{"start":{"line":15,"column":0},"end":{"line":15,"column":31}},"4":{"start":{"line":16,"column":0},"end":{"line":16,"column":50}},"5":{"start":{"line":17,"column":0},"end":{"line":17,"column":34}},"6":{"start":{"line":18,"column":0},"end":{"line":18,"column":33}},"7":{"start":{"line":19,"column":0},"end":{"line":19,"column":37}},"8":{"start":{"line":20,"column":0},"end":{"line":20,"column":33}},"9":{"start":{"line":21,"column":0},"end":{"line":21,"column":43}},"10":{"start":{"line":22,"column":0},"end":{"line":22,"column":37}},"11":{"start":{"line":23,"column":0},"end":{"line":23,"column":46}},"12":{"start":{"line":29,"column":0},"end":{"line":29,"column":26}},"13":{"start":{"line":35,"column":0},"end":{"line":35,"column":19}},"14":{"start":{"line":40,"column":0},"end":{"line":40,"column":21}},"15":{"start":{"line":51,"column":0},"end":{"line":115,"column":1}},"16":{"start":{"line":52,"column":2},"end":{"line":52,"column":25}},"17":{"start":{"line":53,"column":2},"end":{"line":53,"column":40}},"18":{"start":{"line":54,"column":2},"end":{"line":54,"column":24}},"19":{"start":{"line":55,"column":2},"end":{"line":114,"column":3}},"20":{"start":{"line":56,"column":4},"end":{"line":82,"column":7}},"21":{"start":{"line":59,"column":8},"end":{"line":59,"column":63}},"22":{"start":{"line":60,"column":8},"end":{"line":60,"column":39}},"23":{"start":{"line":63,"column":8},"end":{"line":63,"column":35}},"24":{"start":{"line":64,"column":8},"end":{"line":65,"column":113}},"25":{"start":{"line":65,"column":10},"end":{"line":65,"column":113}},"26":{"start":{"line":67,"column":8},"end":{"line":68,"column":112}},"27":{"start":{"line":68,"column":10},"end":{"line":68,"column":112}},"28":{"start":{"line":70,"column":8},"end":{"line":70,"column":101}},"29":{"start":{"line":72,"column":8},"end":{"line":72,"column":77}},"30":{"start":{"line":72,"column":57},"end":{"line":72,"column":77}},"31":{"start":{"line":74,"column":8},"end":{"line":74,"column":24}},"32":{"start":{"line":77,"column":8},"end":{"line":77,"column":36}},"33":{"start":{"line":78,"column":8},"end":{"line":78,"column":52}},"34":{"start":{"line":79,"column":8},"end":{"line":79,"column":38}},"35":{"start":{"line":80,"column":8},"end":{"line":80,"column":19}},"36":{"start":{"line":83,"column":4},"end":{"line":83,"column":54}},"37":{"start":{"line":84,"column":4},"end":{"line":84,"column":20}},"38":{"start":{"line":87,"column":4},"end":{"line":96,"column":7}},"39":{"start":{"line":99,"column":4},"end":{"line":101,"column":5}},"40":{"start":{"line":100,"column":6},"end":{"line":100,"column":94}},"41":{"start":{"line":103,"column":4},"end":{"line":103,"column":50}},"42":{"start":{"line":105,"column":4},"end":{"line":112,"column":5}},"43":{"start":{"line":106,"column":6},"end":{"line":111,"column":8}},"44":{"start":{"line":113,"column":4},"end":{"line":113,"column":14}},"45":{"start":{"line":131,"column":0},"end":{"line":141,"column":1}},"46":{"start":{"line":132,"column":2},"end":{"line":132,"column":29}},"47":{"start":{"line":133,"column":2},"end":{"line":140,"column":3}},"48":{"start":{"line":134,"column":4},"end":{"line":134,"column":30}},"49":{"start":{"line":136,"column":4},"end":{"line":136,"column":75}},"50":{"start":{"line":136,"column":27},"end":{"line":136,"column":75}},"51":{"start":{"line":137,"column":4},"end":{"line":137,"column":46}},"52":{"start":{"line":138,"column":4},"end":{"line":138,"column":50}},"53":{"start":{"line":138,"column":23},"end":{"line":138,"column":50}},"54":{"start":{"line":139,"column":4},"end":{"line":139,"column":17}},"55":{"start":{"line":159,"column":0},"end":{"line":185,"column":2}},"56":{"start":{"line":160,"column":2},"end":{"line":160,"column":29}},"57":{"start":{"line":162,"column":2},"end":{"line":162,"column":20}},"58":{"start":{"line":164,"column":2},"end":{"line":176,"column":5}},"59":{"start":{"line":178,"column":2},"end":{"line":180,"column":31}},"60":{"start":{"line":182,"column":2},"end":{"line":182,"column":41}},"61":{"start":{"line":184,"column":2},"end":{"line":184,"column":13}},"62":{"start":{"line":203,"column":0},"end":{"line":222,"column":2}},"63":{"start":{"line":204,"column":2},"end":{"line":204,"column":30}},"64":{"start":{"line":206,"column":2},"end":{"line":206,"column":20}},"65":{"start":{"line":207,"column":2},"end":{"line":219,"column":5}},"66":{"start":{"line":221,"column":2},"end":{"line":221,"column":64}},"67":{"start":{"line":239,"column":0},"end":{"line":241,"column":2}},"68":{"start":{"line":240,"column":2},"end":{"line":240,"column":73}},"69":{"start":{"line":257,"column":0},"end":{"line":261,"column":2}},"70":{"start":{"line":258,"column":2},"end":{"line":258,"column":26}},"71":{"start":{"line":259,"column":2},"end":{"line":259,"column":26}},"72":{"start":{"line":260,"column":2},"end":{"line":260,"column":38}},"73":{"start":{"line":278,"column":0},"end":{"line":301,"column":2}},"74":{"start":{"line":280,"column":2},"end":{"line":282,"column":3}},"75":{"start":{"line":281,"column":4},"end":{"line":281,"column":38}},"76":{"start":{"line":283,"column":2},"end":{"line":291,"column":3}},"77":{"start":{"line":284,"column":4},"end":{"line":284,"column":11}},"78":{"start":{"line":285,"column":4},"end":{"line":289,"column":5}},"79":{"start":{"line":286,"column":6},"end":{"line":286,"column":41}},"80":{"start":{"line":288,"column":6},"end":{"line":288,"column":20}},"81":{"start":{"line":290,"column":4},"end":{"line":290,"column":25}},"82":{"start":{"line":293,"column":2},"end":{"line":293,"column":26}},"83":{"start":{"line":296,"column":2},"end":{"line":298,"column":3}},"84":{"start":{"line":297,"column":4},"end":{"line":297,"column":69}},"85":{"start":{"line":300,"column":2},"end":{"line":300,"column":52}},"86":{"start":{"line":313,"column":0},"end":{"line":332,"column":2}},"87":{"start":{"line":315,"column":2},"end":{"line":317,"column":3}},"88":{"start":{"line":316,"column":4},"end":{"line":316,"column":38}},"89":{"start":{"line":318,"column":2},"end":{"line":326,"column":3}},"90":{"start":{"line":319,"column":4},"end":{"line":319,"column":11}},"91":{"start":{"line":320,"column":4},"end":{"line":324,"column":5}},"92":{"start":{"line":321,"column":6},"end":{"line":321,"column":46}},"93":{"start":{"line":323,"column":6},"end":{"line":323,"column":20}},"94":{"start":{"line":325,"column":4},"end":{"line":325,"column":25}},"95":{"start":{"line":328,"column":2},"end":{"line":328,"column":26}},"96":{"start":{"line":330,"column":2},"end":{"line":330,"column":26}},"97":{"start":{"line":331,"column":2},"end":{"line":331,"column":47}},"98":{"start":{"line":344,"column":0},"end":{"line":358,"column":2}},"99":{"start":{"line":345,"column":2},"end":{"line":345,"column":29}},"100":{"start":{"line":346,"column":2},"end":{"line":346,"column":26}},"101":{"start":{"line":348,"column":2},"end":{"line":348,"column":26}},"102":{"start":{"line":350,"column":2},"end":{"line":352,"column":3}},"103":{"start":{"line":351,"column":4},"end":{"line":351,"column":30}},"104":{"start":{"line":354,"column":2},"end":{"line":354,"column":54}},"105":{"start":{"line":355,"column":2},"end":{"line":355,"column":48}},"106":{"start":{"line":356,"column":2},"end":{"line":356,"column":46}},"107":{"start":{"line":356,"column":21},"end":{"line":356,"column":46}},"108":{"start":{"line":357,"column":2},"end":{"line":357,"column":13}},"109":{"start":{"line":364,"column":0},"end":{"line":369,"column":1}},"110":{"start":{"line":365,"column":2},"end":{"line":367,"column":3}},"111":{"start":{"line":366,"column":4},"end":{"line":366,"column":33}},"112":{"start":{"line":368,"column":2},"end":{"line":368,"column":40}}},"branchMap":{"1":{"line":64,"type":"if","locations":[{"start":{"line":64,"column":8},"end":{"line":64,"column":8}},{"start":{"line":64,"column":8},"end":{"line":64,"column":8}}]},"2":{"line":64,"type":"binary-expr","locations":[{"start":{"line":64,"column":12},"end":{"line":64,"column":31}},{"start":{"line":64,"column":35},"end":{"line":64,"column":42}}]},"3":{"line":67,"type":"if","locations":[{"start":{"line":67,"column":8},"end":{"line":67,"column":8}},{"start":{"line":67,"column":8},"end":{"line":67,"column":8}}]},"4":{"line":67,"type":"binary-expr","locations":[{"start":{"line":67,"column":12},"end":{"line":67,"column":31}},{"start":{"line":67,"column":35},"end":{"line":67,"column":51}}]},"5":{"line":70,"type":"cond-expr","locations":[{"start":{"line":70,"column":51},"end":{"line":70,"column":66}},{"start":{"line":70,"column":69},"end":{"line":70,"column":89}}]},"6":{"line":72,"type":"if","locations":[{"start":{"line":72,"column":8},"end":{"line":72,"column":8}},{"start":{"line":72,"column":8},"end":{"line":72,"column":8}}]},"7":{"line":94,"type":"cond-expr","locations":[{"start":{"line":94,"column":47},"end":{"line":94,"column":60}},{"start":{"line":94,"column":63},"end":{"line":94,"column":68}}]},"8":{"line":99,"type":"if","locations":[{"start":{"line":99,"column":4},"end":{"line":99,"column":4}},{"start":{"line":99,"column":4},"end":{"line":99,"column":4}}]},"9":{"line":105,"type":"if","locations":[{"start":{"line":105,"column":4},"end":{"line":105,"column":4}},{"start":{"line":105,"column":4},"end":{"line":105,"column":4}}]},"10":{"line":105,"type":"binary-expr","locations":[{"start":{"line":105,"column":8},"end":{"line":105,"column":16}},{"start":{"line":105,"column":20},"end":{"line":105,"column":48}},{"start":{"line":105,"column":52},"end":{"line":105,"column":84}}]},"11":{"line":110,"type":"cond-expr","locations":[{"start":{"line":110,"column":44},"end":{"line":110,"column":47}},{"start":{"line":110,"column":51},"end":{"line":110,"column":113}}]},"12":{"line":110,"type":"cond-expr","locations":[{"start":{"line":110,"column":74},"end":{"line":110,"column":101}},{"start":{"line":110,"column":104},"end":{"line":110,"column":113}}]},"13":{"line":133,"type":"if","locations":[{"start":{"line":133,"column":2},"end":{"line":133,"column":2}},{"start":{"line":133,"column":2},"end":{"line":133,"column":2}}]},"14":{"line":133,"type":"binary-expr","locations":[{"start":{"line":133,"column":6},"end":{"line":133,"column":19}},{"start":{"line":133,"column":23},"end":{"line":133,"column":41}}]},"15":{"line":136,"type":"if","locations":[{"start":{"line":136,"column":4},"end":{"line":136,"column":4}},{"start":{"line":136,"column":4},"end":{"line":136,"column":4}}]},"16":{"line":138,"type":"if","locations":[{"start":{"line":138,"column":4},"end":{"line":138,"column":4}},{"start":{"line":138,"column":4},"end":{"line":138,"column":4}}]},"17":{"line":160,"type":"binary-expr","locations":[{"start":{"line":160,"column":16},"end":{"line":160,"column":23}},{"start":{"line":160,"column":27},"end":{"line":160,"column":29}}]},"18":{"line":178,"type":"cond-expr","locations":[{"start":{"line":179,"column":6},"end":{"line":179,"column":59}},{"start":{"line":180,"column":6},"end":{"line":180,"column":30}}]},"19":{"line":204,"type":"binary-expr","locations":[{"start":{"line":204,"column":16},"end":{"line":204,"column":23}},{"start":{"line":204,"column":27},"end":{"line":204,"column":29}}]},"20":{"line":218,"type":"binary-expr","locations":[{"start":{"line":218,"column":18},"end":{"line":218,"column":30}},{"start":{"line":218,"column":34},"end":{"line":218,"column":44}}]},"21":{"line":258,"type":"binary-expr","locations":[{"start":{"line":258,"column":12},"end":{"line":258,"column":19}},{"start":{"line":258,"column":23},"end":{"line":258,"column":25}}]},"22":{"line":280,"type":"if","locations":[{"start":{"line":280,"column":2},"end":{"line":280,"column":2}},{"start":{"line":280,"column":2},"end":{"line":280,"column":2}}]},"23":{"line":283,"type":"if","locations":[{"start":{"line":283,"column":2},"end":{"line":283,"column":2}},{"start":{"line":283,"column":2},"end":{"line":283,"column":2}}]},"24":{"line":293,"type":"binary-expr","locations":[{"start":{"line":293,"column":12},"end":{"line":293,"column":19}},{"start":{"line":293,"column":23},"end":{"line":293,"column":25}}]},"25":{"line":296,"type":"if","locations":[{"start":{"line":296,"column":2},"end":{"line":296,"column":2}},{"start":{"line":296,"column":2},"end":{"line":296,"column":2}}]},"26":{"line":296,"type":"binary-expr","locations":[{"start":{"line":296,"column":6},"end":{"line":296,"column":19}},{"start":{"line":296,"column":23},"end":{"line":296,"column":40}}]},"27":{"line":315,"type":"if","locations":[{"start":{"line":315,"column":2},"end":{"line":315,"column":2}},{"start":{"line":315,"column":2},"end":{"line":315,"column":2}}]},"28":{"line":318,"type":"if","locations":[{"start":{"line":318,"column":2},"end":{"line":318,"column":2}},{"start":{"line":318,"column":2},"end":{"line":318,"column":2}}]},"29":{"line":328,"type":"binary-expr","locations":[{"start":{"line":328,"column":12},"end":{"line":328,"column":19}},{"start":{"line":328,"column":23},"end":{"line":328,"column":25}}]},"30":{"line":346,"type":"binary-expr","locations":[{"start":{"line":346,"column":12},"end":{"line":346,"column":19}},{"start":{"line":346,"column":23},"end":{"line":346,"column":25}}]},"31":{"line":350,"type":"if","locations":[{"start":{"line":350,"column":2},"end":{"line":350,"column":2}},{"start":{"line":350,"column":2},"end":{"line":350,"column":2}}]},"32":{"line":350,"type":"binary-expr","locations":[{"start":{"line":350,"column":6},"end":{"line":350,"column":19}},{"start":{"line":350,"column":23},"end":{"line":350,"column":41}}]},"33":{"line":356,"type":"if","locations":[{"start":{"line":356,"column":2},"end":{"line":356,"column":2}},{"start":{"line":356,"column":2},"end":{"line":356,"column":2}}]},"34":{"line":365,"type":"if","locations":[{"start":{"line":365,"column":2},"end":{"line":365,"column":2}},{"start":{"line":365,"column":2},"end":{"line":365,"column":2}}]},"35":{"line":365,"type":"binary-expr","locations":[{"start":{"line":365,"column":5},"end":{"line":365,"column":38}},{"start":{"line":365,"column":42},"end":{"line":365,"column":79}}]}},"code":["'use strict';","","/*!"," * Jade"," * Copyright(c) 2010 TJ Holowaychuk <tj@vision-media.ca>"," * MIT Licensed"," */","","/**"," * Module dependencies."," */","","var fs = require('fs');","var path = require('path');","var lex = require('pug-lexer');","var stripComments = require('pug-strip-comments');","var parse = require('pug-parser');","var load = require('pug-loader');","var filters = require('pug-filters');","var link = require('pug-linker');","var generateCode = require('pug-code-gen');","var runtime = require('pug-runtime');","var runtimeWrap = require('pug-runtime/wrap');","","/**"," * Jade runtime helpers."," */","","exports.runtime = runtime;","","/**"," * Template function cache."," */","","exports.cache = {};","","/**"," * Object for custom filters"," */","exports.filters = {};","","/**"," * Compile the given `str` of jade and return a function body."," *"," * @param {String} str"," * @param {Object} options"," * @return {Object}"," * @api private"," */","","function compileBody(str, options){","  var debug_sources = {};","  debug_sources[options.filename] = str;","  var dependencies = [];","  try {","    var ast = load.string(str, options.filename, {","      lex: lex,","      parse: function (tokens, filename) {","        tokens = stripComments(tokens, { filename: filename });","        return parse(tokens, filename);","      },","      resolve: function (filename, source) {","        filename = filename.trim();","        if (filename[0] !== '/' && !source)","          throw new Error('the \"filename\" option is required to use includes and extends with \"relative\" paths');","","        if (filename[0] === '/' && !options.basedir)","          throw new Error('the \"basedir\" option is required to use includes and extends with \"absolute\" paths');","","        filename = path.join(filename[0] === '/' ? options.basedir : path.dirname(source), filename);","","        if (path.basename(filename).indexOf('.') === -1) filename += '.jade';","","        return filename;","      },","      read: function (filename) {","        dependencies.push(filename);","        var str = fs.readFileSync(filename, 'utf8');","        debug_sources[filename] = str;","        return str;","      }","    });","    ast = filters.handleFilters(ast, exports.filters);","    ast = link(ast);","","    // Compile","    var js = generateCode(ast, {","      pretty: options.pretty,","      compileDebug: options.compileDebug,","      doctype: options.doctype,","      inlineRuntimeFunctions: options.inlineRuntimeFunctions,","      globals: options.globals,","      self: options.self,","      includeSources: options.includeSources ? debug_sources : false,","      templateName: options.templateName","    });","","    // Debug compiler","    if (options.debug) {","      console.error('\\nCompiled Function:\\n\\n\\u001b[90m%s\\u001b[0m', js.replace(/^/gm, '  '));","    }","","    return {body: js, dependencies: dependencies};","  } catch (err) {","    if (err.code && typeof err.code === 'string' && err.code.substr(0, 4) === 'JADE') {","      runtime.rethrow(","        new Error(err.msg),","        err.filename,","        err.line,","        options.filename === err.filename ? str : (options.compileDebug ? debug_sources[err.filename] : undefined)","      );","    }","    throw err;","  }","}","","/**"," * Get the template from a string or a file, either compiled on-the-fly or"," * read from cache (if enabled), and cache the template if needed."," *"," * If `str` is not set, the file specified in `options.filename` will be read."," *"," * If `options.cache` is true, this function reads the file from"," * `options.filename` so it must be set prior to calling this function."," *"," * @param {Object} options"," * @param {String=} str"," * @return {Function}"," * @api private"," */","function handleTemplateCache (options, str) {","  var key = options.filename;","  if (options.cache && exports.cache[key]) {","    return exports.cache[key];","  } else {","    if (str === undefined) str = fs.readFileSync(options.filename, 'utf8');","    var templ = exports.compile(str, options);","    if (options.cache) exports.cache[key] = templ;","    return templ;","  }","}","","/**"," * Compile a `Function` representation of the given jade `str`."," *"," * Options:"," *"," *   - `compileDebug` when `false` debugging code is stripped from the compiled","       template, when it is explicitly `true`, the source code is included in","       the compiled template for better accuracy."," *   - `filename` used to improve errors when `compileDebug` is not `false` and to resolve imports/extends"," *"," * @param {String} str"," * @param {Options} options"," * @return {Function}"," * @api public"," */","","exports.compile = function(str, options){","  var options = options || {}","","  str = String(str);","","  var parsed = compileBody(str, {","    compileDebug: options.compileDebug !== false,","    filename: options.filename,","    basedir: options.basedir,","    pretty: options.pretty,","    doctype: options.doctype,","    inlineRuntimeFunctions: options.inlineRuntimeFunctions,","    globals: options.globals,","    self: options.self,","    includeSources: options.compileDebug === true,","    debug: options.debug,","    templateName: 'template'","  });","","  var res = options.inlineRuntimeFunctions","    ? new Function('', parsed.body + ';return template;')()","    : runtimeWrap(parsed.body);","","  res.dependencies = parsed.dependencies;","","  return res;","};","","/**"," * Compile a JavaScript source representation of the given jade `str`."," *"," * Options:"," *"," *   - `compileDebug` When it is `true`, the source code is included in"," *     the compiled template for better error messages."," *   - `filename` used to improve errors when `compileDebug` is not `true` and to resolve imports/extends"," *   - `name` the name of the resulting function (defaults to \"template\")"," *"," * @param {String} str"," * @param {Options} options"," * @return {Object}"," * @api public"," */","","exports.compileClientWithDependenciesTracked = function(str, options){","  var options = options || {};","","  str = String(str);","  var parsed = compileBody(str, {","    compileDebug: options.compileDebug,","    filename: options.filename,","    basedir: options.basedir,","    pretty: options.pretty,","    doctype: options.doctype,","    inlineRuntimeFunctions: options.inlineRuntimeFunctions !== false,","    globals: options.globals,","    self: options.self,","    includeSources: options.compileDebug,","    debug: options.debug,","    templateName: options.name || 'template'","  });","","  return {body: parsed.body, dependencies: parsed.dependencies};","};","","/**"," * Compile a JavaScript source representation of the given jade `str`."," *"," * Options:"," *"," *   - `compileDebug` When it is `true`, the source code is included in"," *     the compiled template for better error messages."," *   - `filename` used to improve errors when `compileDebug` is not `true` and to resolve imports/extends"," *   - `name` the name of the resulting function (defaults to \"template\")"," *"," * @param {String} str"," * @param {Options} options"," * @return {String}"," * @api public"," */","exports.compileClient = function (str, options) {","  return exports.compileClientWithDependenciesTracked(str, options).body;","};","","/**"," * Compile a `Function` representation of the given jade file."," *"," * Options:"," *"," *   - `compileDebug` when `false` debugging code is stripped from the compiled","       template, when it is explicitly `true`, the source code is included in","       the compiled template for better accuracy."," *"," * @param {String} path"," * @param {Options} options"," * @return {Function}"," * @api public"," */","exports.compileFile = function (path, options) {","  options = options || {};","  options.filename = path;","  return handleTemplateCache(options);","};","","/**"," * Render the given `str` of jade."," *"," * Options:"," *"," *   - `cache` enable template caching"," *   - `filename` filename required for `include` / `extends` and caching"," *"," * @param {String} str"," * @param {Object|Function} options or fn"," * @param {Function|undefined} fn"," * @returns {String}"," * @api public"," */","","exports.render = function(str, options, fn){","  // support callback API","  if ('function' == typeof options) {","    fn = options, options = undefined;","  }","  if (typeof fn === 'function') {","    var res","    try {","      res = exports.render(str, options);","    } catch (ex) {","      return fn(ex);","    }","    return fn(null, res);","  }","","  options = options || {};","","  // cache requires .filename","  if (options.cache && !options.filename) {","    throw new Error('the \"filename\" option is required for caching');","  }","","  return handleTemplateCache(options, str)(options);","};","","/**"," * Render a Jade file at the given `path`."," *"," * @param {String} path"," * @param {Object|Function} options or callback"," * @param {Function|undefined} fn"," * @returns {String}"," * @api public"," */","","exports.renderFile = function(path, options, fn){","  // support callback API","  if ('function' == typeof options) {","    fn = options, options = undefined;","  }","  if (typeof fn === 'function') {","    var res","    try {","      res = exports.renderFile(path, options);","    } catch (ex) {","      return fn(ex);","    }","    return fn(null, res);","  }","","  options = options || {};","","  options.filename = path;","  return handleTemplateCache(options)(options);","};","","","/**"," * Compile a Jade file at the given `path` for use on the client."," *"," * @param {String} path"," * @param {Object} options"," * @returns {String}"," * @api public"," */","","exports.compileFileClient = function(path, options){","  var key = path + ':client';","  options = options || {};","","  options.filename = path;","","  if (options.cache && exports.cache[key]) {","    return exports.cache[key];","  }","","  var str = fs.readFileSync(options.filename, 'utf8');","  var out = exports.compileClient(str, options);","  if (options.cache) exports.cache[key] = out;","  return out;","};","","/**"," * Express support."," */","","exports.__express = function(path, options, fn) {","  if(options.compileDebug == undefined && process.env.NODE_ENV === 'production') {","    options.compileDebug = false;","  }","  exports.renderFile(path, options, fn);","}",""],"l":{"13":1,"14":1,"15":1,"16":1,"17":1,"18":1,"19":1,"20":1,"21":1,"22":1,"23":1,"29":1,"35":1,"40":1,"51":1,"52":0,"53":0,"54":0,"55":0,"56":0,"59":0,"60":0,"63":0,"64":0,"65":0,"67":0,"68":0,"70":0,"72":0,"74":0,"77":0,"78":0,"79":0,"80":0,"83":0,"84":0,"87":0,"99":0,"100":0,"103":0,"105":0,"106":0,"113":0,"131":1,"132":0,"133":0,"134":0,"136":0,"137":0,"138":0,"139":0,"159":1,"160":0,"162":0,"164":0,"178":0,"182":0,"184":0,"203":1,"204":0,"206":0,"207":0,"221":0,"239":1,"240":0,"257":1,"258":0,"259":0,"260":0,"278":1,"280":0,"281":0,"283":0,"284":0,"285":0,"286":0,"288":0,"290":0,"293":0,"296":0,"297":0,"300":0,"313":1,"315":0,"316":0,"318":0,"319":0,"320":0,"321":0,"323":0,"325":0,"328":0,"330":0,"331":0,"344":1,"345":0,"346":0,"348":0,"350":0,"351":0,"354":0,"355":0,"356":0,"357":0,"364":1,"365":0,"366":0,"368":0}},"/home/travis/build/npmtest/node-npmtest-pug/node_modules/pug-lexer/index.js":{"path":"/home/travis/build/npmtest/node-npmtest-pug/node_modules/pug-lexer/index.js","s":{"1":1,"2":1,"3":1,"4":1,"5":1,"6":1,"7":1,"8":0,"9":0,"10":1,"11":0,"12":0,"13":0,"14":0,"15":0,"16":0,"17":0,"18":0,"19":0,"20":0,"21":0,"22":0,"23":0,"24":0,"25":1,"26":0,"27":0,"28":0,"29":0,"30":0,"31":0,"32":0,"33":0,"34":0,"35":0,"36":0,"37":0,"38":0,"39":0,"40":0,"41":0,"42":0,"43":0,"44":0,"45":0,"46":0,"47":0,"48":0,"49":0,"50":0,"51":0,"52":0,"53":0,"54":0,"55":0,"56":0,"57":0,"58":0,"59":0,"60":0,"61":0,"62":0,"63":0,"64":0,"65":0,"66":0,"67":0,"68":0,"69":0,"70":0,"71":0,"72":0,"73":0,"74":0,"75":0,"76":0,"77":0,"78":0,"79":0,"80":0,"81":0,"82":0,"83":0,"84":0,"85":0,"86":0,"87":0,"88":0,"89":0,"90":0,"91":0,"92":0,"93":0,"94":0,"95":0,"96":0,"97":0,"98":0,"99":0,"100":0,"101":0,"102":0,"103":0,"104":0,"105":0,"106":0,"107":0,"108":0,"109":0,"110":0,"111":0,"112":0,"113":0,"114":0,"115":0,"116":0,"117":0,"118":0,"119":0,"120":0,"121":0,"122":0,"123":0,"124":0,"125":0,"126":0,"127":0,"128":0,"129":0,"130":0,"131":0,"132":0,"133":0,"134":0,"135":0,"136":0,"137":0,"138":0,"139":0,"140":0,"141":0,"142":0,"143":0,"144":0,"145":0,"146":0,"147":0,"148":0,"149":0,"150":0,"151":0,"152":0,"153":0,"154":0,"155":0,"156":0,"157":0,"158":0,"159":0,"160":0,"161":0,"162":0,"163":0,"164":0,"165":0,"166":0,"167":0,"168":0,"169":0,"170":0,"171":0,"172":0,"173":0,"174":0,"175":0,"176":0,"177":0,"178":0,"179":0,"180":0,"181":0,"182":0,"183":0,"184":0,"185":0,"186":0,"187":0,"188":0,"189":0,"190":0,"191":0,"192":0,"193":0,"194":0,"195":0,"196":0,"197":0,"198":0,"199":0,"200":0,"201":0,"202":0,"203":0,"204":0,"205":0,"206":0,"207":0,"208":0,"209":0,"210":0,"211":0,"212":0,"213":0,"214":0,"215":0,"216":0,"217":0,"218":0,"219":0,"220":0,"221":0,"222":0,"223":0,"224":0,"225":0,"226":0,"227":0,"228":0,"229":0,"230":0,"231":0,"232":0,"233":0,"234":0,"235":0,"236":0,"237":0,"238":0,"239":0,"240":0,"241":0,"242":0,"243":0,"244":0,"245":0,"246":0,"247":0,"248":0,"249":0,"250":0,"251":0,"252":0,"253":0,"254":0,"255":0,"256":0,"257":0,"258":0,"259":0,"260":0,"261":0,"262":0,"263":0,"264":0,"265":0,"266":0,"267":0,"268":0,"269":0,"270":0,"271":0,"272":0,"273":0,"274":0,"275":0,"276":0,"277":0,"278":0,"279":0,"280":0,"281":0,"282":0,"283":0,"284":0,"285":0,"286":0,"287":0,"288":0,"289":0,"290":0,"291":0,"292":0,"293":0,"294":0,"295":0,"296":0,"297":0,"298":0,"299":0,"300":0,"301":0,"302":0,"303":0,"304":0,"305":0,"306":0,"307":0,"308":0,"309":0,"310":0,"311":0,"312":0,"313":0,"314":0,"315":0,"316":0,"317":0,"318":0,"319":0,"320":0,"321":0,"322":0,"323":0,"324":0,"325":0,"326":0,"327
[...]
elim + style + ':' + val[style];","        delim = ';';","      }","    }","    return out;","  } else {","    val = '' + val;","    if (val[val.length - 1] === ';') return val.slice(0, -1);","    return val;","  }","};","","/**"," * Render the given attribute."," *"," * @param {String} key"," * @param {String} val"," * @param {Boolean} escaped"," * @param {Boolean} terse"," * @return {String}"," */","exports.attr = jade_attr;","function jade_attr(key, val, escaped, terse) {","  if (val === false || val == null || !val && (key === 'class' || key === 'style')) {","    return '';","  }","  if (val === true) {","    return ' ' + (terse ? key : key + '=\"' + key + '\"');","  }","  if (typeof val.toISOString === 'function') {","    val = val.toISOString();","  } else if (typeof val !== 'string') {","    val = JSON.stringify(val);","    if (!escaped && val.indexOf('\"') !== -1) {","      return ' ' + key + '=\\'' + val.replace(/'/g, '&#39;') + '\\'';","    }","  }","  if (escaped) val = jade_escape(val);","  return ' ' + key + '=\"' + val + '\"';","};","","/**"," * Render the given attributes object."," *"," * @param {Object} obj"," * @param {Object} terse whether to use HTML5 terse boolean attributes"," * @return {String}"," */","exports.attrs = jade_attrs;","function jade_attrs(obj, terse){","  var attrs = '';","","  var keys = Object.keys(obj);","  for (var i = 0; i < keys.length; ++i) {","    var key = keys[i]","      , val = obj[key];","","    if ('class' === key) {","      val = jade_classes(val);","      attrs = jade_attr(key, val, false, terse) + attrs;","      continue;","    }","    if ('style' === key) {","      val = jade_style(val);","    }","    attrs += jade_attr(key, val, false, terse);","  }","","  return attrs;","};","","/**"," * Escape the given string of `html`."," *"," * @param {String} html"," * @return {String}"," * @api private"," */","","var jade_match_html = /[\"&<>]/;","exports.escape = jade_escape;","function jade_escape(_html){","  var html = '' + _html;","  var regexResult = jade_match_html.exec(html);","  if (!regexResult) return _html;","","  var result = '';","  var i, lastIndex, escape;","  for (i = regexResult.index, lastIndex = 0; i < html.length; i++) {","    switch (html.charCodeAt(i)) {","      case 34: escape = '&quot;'; break;","      case 38: escape = '&amp;'; break;","      case 60: escape = '&lt;'; break;","      case 62: escape = '&gt;'; break;","      default: continue;","    }","    if (lastIndex !== i) result += html.substring(lastIndex, i);","    lastIndex = i + 1;","    result += escape;","  }","  if (lastIndex !== i) return result + html.substring(lastIndex, i);","  else return result;","};","","/**"," * Re-throw the given `err` in context to the"," * the jade in `filename` at the given `lineno`."," *"," * @param {Error} err"," * @param {String} filename"," * @param {String} lineno"," * @param {String} str original source"," * @api private"," */","","exports.rethrow = jade_rethrow;","function jade_rethrow(err, filename, lineno, str){","  if (!(err instanceof Error)) throw err;","  if ((typeof window != 'undefined' || !filename) && !str) {","    err.message += ' on line ' + lineno;","    throw err;","  }","  try {","    str = str || require('fs').readFileSync(filename, 'utf8')","  } catch (ex) {","    jade_rethrow(err, null, lineno)","  }","  var context = 3","    , lines = str.split('\\n')","    , start = Math.max(lineno - context, 0)","    , end = Math.min(lines.length, lineno + context);","","  // Error context","  var context = lines.slice(start, end).map(function(line, i){","    var curr = i + start + 1;","    return (curr == lineno ? '  > ' : '    ')","      + curr","      + '| '","      + line;","  }).join('\\n');","","  // Alter exception message","  err.path = filename;","  err.message = (filename || 'Jade') + ':' + lineno","    + '\\n' + context + '\\n\\n' + err.message;","  throw err;","};",""],"l":{"3":1,"17":1,"18":1,"19":0,"20":0,"21":0,"22":0,"24":0,"27":0,"28":0,"29":0,"30":0,"31":0,"32":0,"33":0,"34":0,"36":0,"40":0,"60":1,"61":1,"62":0,"63":0,"64":0,"65":0,"66":0,"67":0,"68":0,"70":0,"72":1,"73":0,"74":0,"75":0,"76":0,"77":0,"80":0,"82":1,"83":0,"84":0,"85":0,"86":0,"88":0,"99":1,"100":1,"101":0,"102":0,"103":0,"104":0,"106":0,"107":0,"108":0,"111":0,"113":0,"114":0,"115":0,"128":1,"129":1,"130":0,"131":0,"133":0,"134":0,"136":0,"137":0,"138":0,"139":0,"140":0,"141":0,"144":0,"145":0,"155":1,"156":1,"157":0,"159":0,"160":0,"161":0,"164":0,"165":0,"166":0,"167":0,"169":0,"170":0,"172":0,"175":0,"186":1,"187":1,"188":1,"189":0,"190":0,"191":0,"193":0,"194":0,"195":0,"196":0,"197":0,"198":0,"199":0,"200":0,"201":0,"203":0,"204":0,"205":0,"207":0,"208":0,"222":1,"223":1,"224":0,"225":0,"226":0,"227":0,"229":0,"230":0,"232":0,"234":0,"240":0,"241":0,"242":0,"249":0,"250":0,"252":0}},"/home/travis/build/npmtest/node-npmtest-pug/node_modules/pug-attrs/index.js":{"path":"/home/travis/build/npmtest/node-npmtest-pug/node_modules/pug-attrs/index.js","s":{"1":1,"2":1,"3":1,"4":1,"5":1,"6":0,"7":1,"8":0,"9":1,"10":1,"11":0,"12":0,"13":0,"14":0,"15":0,"16":0,"17":0,"18":0,"19":0,"20":0,"21":1,"22":0,"23":0,"24":0,"25":0,"26":0,"27":0,"28":0,"29":0,"30":0,"31":0,"32":0,"33":0,"34":0,"35":0,"36":0,"37":0,"38":0,"39":0,"40":0,"41":0,"42":0,"43":0,"44":0,"45":0,"46":0,"47":0,"48":0,"49":0,"50":0,"51":0,"52":0,"53":0,"54":0,"55":0,"56":0,"57":0,"58":0,"59":0,"60":0,"61":0,"62":0,"63":0},"b":{"1":[0,0,0,0,0,0],"2":[0,0],"3":[0,0],"4":[0,0],"5":[0,0],"6":[0,0],"7":[0,0],"8":[0,0],"9":[0,0],"10":[0,0],"11":[0,0],"12":[0,0],"13":[0,0],"14":[0,0],"15":[0,0],"16":[0,0],"17":[0,0],"18":[0,0],"19":[0,0]},"f":{"1":0,"2":0,"3":0,"4":0,"5":0,"6":0,"7":0},"fnMap":{"1":{"name":"isConstant","line":8,"loc":{"start":{"line":8,"column":0},"end":{"line":8,"column":25}}},"2":{"name":"toConstant","line":11,"loc":{"start":{"line":11,"column":0},"end":{"line":11,"column":25}}},"3":{"name":"compileAttrs","line":22,"loc":{"start":{"line":22,"column":0},"end":{"line":22,"column":38}}},"4":{"name":"(anonymous_4)","line":24,"loc":{"start":{"line":24,"column":21},"end":{"line":24,"column":37}}},"5":{"name":"addAttribute","line":46,"loc":{"start":{"line":46,"column":2},"end":{"line":46,"column":51}}},"6":{"name":"(anonymous_6)","line":75,"loc":{"start":{"line":75,"column":16},"end":{"line":75,"column":30}}},"7":{"name":"(anonymous_7)","line":104,"loc":{"start":{"line":104,"column":28},"end":{"line":104,"column":46}}}},"statementMap":{"1":{"start":{"line":3,"column":0},"end":{"line":3,"column":31}},"2":{"start":{"line":4,"column":0},"end":{"line":4,"column":47}},"3":{"start":{"line":5,"column":0},"end":{"line":5,"column":37}},"4":{"start":{"line":6,"column":0},"end":{"line":6,"column":40}},"5":{"start":{"line":8,"column":0},"end":{"line":10,"column":1}},"6":{"start":{"line":9,"column":2},"end":{"line":9,"column":72}},"7":{"start":{"line":11,"column":0},"end":{"line":13,"column":1}},"8":{"start":{"line":12,"column":2},"end":{"line":12,"column":83}},"9":{"start":{"line":15,"column":0},"end":{"line":15,"column":30}},"10":{"start":{"line":22,"column":0},"end":{"line":122,"column":1}},"11":{"start":{"line":23,"column":2},"end":{"line":23,"column":59}},"12":{"start":{"line":24,"column":2},"end":{"line":30,"column":92}},"13":{"start":{"line":25,"column":4},"end":{"line":29,"column":43}},"14":{"start":{"line":31,"column":2},"end":{"line":31,"column":80}},"15":{"start":{"line":32,"column":2},"end":{"line":32,"column":82}},"16":{"start":{"line":33,"column":2},"end":{"line":36,"column":4}},"17":{"start":{"line":37,"column":2},"end":{"line":40,"column":4}},"18":{"start":{"line":42,"column":2},"end":{"line":42,"column":15}},"19":{"start":{"line":43,"column":2},"end":{"line":43,"column":19}},"20":{"start":{"line":44,"column":2},"end":{"line":44,"column":25}},"21":{"start":{"line":46,"column":2},"end":{"line":73,"column":3}},"22":{"start":{"line":47,"column":4},"end":{"line":72,"column":5}},"23":{"start":{"line":48,"column":6},"end":{"line":62,"column":7}},"24":{"start":{"line":49,"column":8},"end":{"line":49,"column":91}},"25":{"start":{"line":50,"column":8},"end":{"line":50,"column":39}},"26":{"start":{"line":51,"column":8},"end":{"line":55,"column":9}},"27":{"start":{"line":52,"column":10},"end":{"line":52,"column":80}},"28":{"start":{"line":54,"column":10},"end":{"line":54,"column":24}},"29":{"start":{"line":57,"column":8},"end":{"line":57,"column":30}},"30":{"start":{"line":58,"column":8},"end":{"line":60,"column":9}},"31":{"start":{"line":59,"column":10},"end":{"line":59,"column":36}},"32":{"start":{"line":61,"column":8},"end":{"line":61,"column":57}},"33":{"start":{"line":64,"column":6},"end":{"line":71,"column":7}},"34":{"start":{"line":65,"column":8},"end":{"line":65,"column":140}},"35":{"start":{"line":67,"column":8},"end":{"line":69,"column":9}},"36":{"start":{"line":68,"column":10},"end":{"line":68,"column":60}},"37":{"start":{"line":70,"column":8},"end":{"line":70,"column":46}},"38":{"start":{"line":75,"column":2},"end":{"line":93,"column":5}},"39":{"start":{"line":76,"column":4},"end":{"line":76,"column":24}},"40":{"start":{"line":77,"column":4},"end":{"line":77,"column":23}},"41":{"start":{"line":78,"column":4},"end":{"line":78,"column":37}},"42":{"start":{"line":80,"column":4},"end":{"line":92,"column":5}},"43":{"start":{"line":81,"column":6},"end":{"line":81,"column":24}},"44":{"start":{"line":82,"column":6},"end":{"line":82,"column":37}},"45":{"start":{"line":84,"column":6},"end":{"line":90,"column":7}},"46":{"start":{"line":85,"column":8},"end":{"line":89,"column":9}},"47":{"start":{"line":86,"column":10},"end":{"line":86,"column":58}},"48":{"start":{"line":88,"column":10},"end":{"line":88,"column":59}},"49":{"start":{"line":91,"column":6},"end":{"line":91,"column":46}},"50":{"start":{"line":94,"column":2},"end":{"line":94,"column":22}},"51":{"start":{"line":95,"column":2},"end":{"line":118,"column":3}},"52":{"start":{"line":96,"column":4},"end":{"line":117,"column":5}},"53":{"start":{"line":97,"column":6},"end":{"line":102,"column":8}},"54":{"start":{"line":104,"column":6},"end":{"line":110,"column":9}},"55":{"start":{"line":105,"column":8},"end":{"line":108,"column":9}},"56":{"start":{"line":106,"column":10},"end":{"line":106,"column":96}},"57":{"start":{"line":107,"column":10},"end":{"line":107,"column":35}},"58":{"start":{"line":109,"column":8},"end":{"line":109,"column":19}},"59":{"start":{"line":111,"column":6},"end":{"line":116,"column":8}},"60":{"start":{"line":119,"column":2},"end":{"line":119,"column":31}},"61":{"start":{"line":120,"column":2},"end":{"line":121,"column":40}},"62":{"start":{"line":120,"column":33},"end":{"line":120,"column":74}},"63":{"start":{"line":121,"column":7},"end":{"line":121,"column":40}}},"branchMap":{"1":{"line":25,"type":"binary-expr","locations":[{"start":{"line":25,"column":11},"end":{"line":25,"column":15}},{"start":{"line":26,"column":6},"end":{"line":26,"column":30}},{"start":{"line":27,"column":6},"end":{"line":27,"column":35}},{"start":{"line":28,"column":7},"end":{"line":28,"column":35}},{"start":{"line":28,"column":39},"end":{"line":28,"column":68}},{"start":{"line":29,"column":6},"end":{"line":29,"column":42}}]},"2":{"line":31,"type":"binary-expr","locations":[{"start":{"line":31,"column":9},"end":{"line":31,"column":16}},{"start":{"line":31,"column":20},"end":{"line":31,"column":47}}]},"3":{"line":38,"type":"binary-expr","locations":[{"start":{"line":38,"column":4},"end":{"line":38,"column":29}},{"start":{"line":38,"column":33},"end":{"line":38,"column":60}}]},"4":{"line":47,"type":"if","locations":[{"start":{"line":47,"column":4},"end":{"line":47,"column":4}},{"start":{"line":47,"column":4},"end":{"line":47,"column":4}}]},"5":{"line":48,"type":"if","locations":[{"start":{"line":48,"column":6},"end":{"line":48,"column":6}},{"start":{"line":48,"column":6},"end":{"line":48,"column":6}}]},"6":{"line":51,"type":"if","locations":[{"start":{"line":51,"column":8},"end":{"line":51,"column":8}},{"start":{"line":51,"column":8},"end":{"line":51,"column":8}}]},"7":{"line":51,"type":"binary-expr","locations":[{"start":{"line":51,"column":12},"end":{"line":51,"column":16}},{"start":{"line":51,"column":20},"end":{"line":51,"column":52}}]},"8":{"line":58,"type":"if","locations":[{"start":{"line":58,"column":8},"end":{"line":58,"column":8}},{"start":{"line":58,"column":8},"end":{"line":58,"column":8}}]},"9":{"line":64,"type":"if","locations":[{"start":{"line":64,"column":6},"end":{"line":64,"column":6}},{"start":{"line":64,"column":6},"end":{"line":64,"column":6}}]},"10":{"line":67,"type":"if","locations":[{"start":{"line":67,"column":8},"end":{"line":67,"column":8}},{"start":{"line":67,"column":8},"end":{"line":67,"column":8}}]},"11":{"line":80,"type":"if","locations":[{"start":{"line":80,"column":4},"end":{"line":80,"column":4}},{"start":{"line":80,"column":4},"end":{"line":80,"column":4}}]},"12":{"line":84,"type":"if","locations":[{"start":{"line":84,"column":6},"end":{"line":84,"column":6}},{"start":{"line":84,"column":6},"end":{"line":84,"column":6}}]},"13":{"line":85,"type":"if","locations":[{"start":{"line":85,"column":8},"end":{"line":85,"column":8}},{"start":{"line":85,"column":8},"end":{"line":85,"column":8}}]},"14":{"line":95,"type":"if","locations":[{"start":{"line":95,"column":2},"end":{"line":95,"column":2}},{"start":{"line":95,"column":2},"end":{"line":95,"column":2}}]},"15":{"line":96,"type":"if","locations":[{"start":{"line":96,"column":4},"end":{"line":96,"column":4}},{"start":{"line":96,"column":4},"end":{"line":96,"column":4}}]},"16":{"line":105,"type":"if","locations":[{"start":{"line":105,"column":8},"end":{"line":105,"column":8}},{"start":{"line":105,"column":8},"end":{"line":105,"column":8}}]},"17":{"line":106,"type":"cond-expr","locations":[{"start":{"line":106,"column":45},"end":{"line":106,"column":76}},{"start":{"line":106,"column":79},"end":{"line":106,"column":94}}]},"18":{"line":120,"type":"if","locations":[{"start":{"line":120,"column":2},"end":{"line":120,"column":2}},{"start":{"line":120,"column":2},"end":{"line":120,"column":2}}]},"19":{"line":120,"type":"cond-expr","locations":[{"start":{"line":120,"column":53},"end":{"line":120,"column":66}},{"start":{"line":120,"column":69},"end":{"line":120,"column":73}}]}},"code":["'use strict';","","var assert = require('assert');","var constantinople = require('constantinople');","var runtime = require('pug-runtime');","var stringify = require('js-stringify');","","function isConstant(src) {","  return constantinople(src, {jade: runtime, 'jade_interp': undefined});","}","function toConstant(src) {","  return constantinople.toConstant(src, {jade: runtime, 'jade_interp': undefined});","}","","module.exports = compileAttrs;","/**"," * options:"," *  - terse"," *  - runtime"," *  - format ('html' || 'object')"," */","function compileAttrs(attrs, options) {","  assert(Array.isArray(attrs), 'Attrs should be an array');","  assert(attrs.every(function (attr) {","    return attr &&","      typeof attr === 'object' &&","      typeof attr.name === 'string' &&","      (typeof attr.val === 'string' || typeof attr.val === 'boolean') &&","      typeof attr.mustEscape === 'boolean';","  }), 'All attributes should be supplied as an object of the form {name, val, mustEscape}');","  assert(options && typeof options === 'object', 'Options should be an object');","  assert(typeof options.terse === 'boolean', 'Options.terse should be a boolean');","  assert(","    typeof options.runtime === 'function',","    'Options.runtime should be a function that takes a runtime function name and returns the source code that will evaluate to that function at runtime'","  );","  assert(","    options.format === 'html' || options.format === 'object',","    'Options.format should be \"html\" or \"object\"'","  );","","  var buf = [];","  var classes = [];","  var classEscaping = [];","","  function addAttribute(key, val, mustEscape, buf) {","    if (isConstant(val)) {","      if (options.format === 'html') {","        var str = stringify(runtime.attr(key, toConstant(val), mustEscape, options.terse));","        var last = buf[buf.length - 1];","        if (last && last[last.length - 1] === str[0]) {","          buf[buf.length - 1] = last.substr(0, last.length - 1) + str.substr(1);","        } else {","          buf.push(str);","        }","      } else {","        val = toConstant(val);","        if (mustEscape) {","          val = runtime.escape(val);","        }","        buf.push(stringify(key) + ': ' + stringify(val));","      }","    } else {","      if (options.format === 'html') {","        buf.push(options.runtime('attr') + '(\"' + key + '\", ' + val + ', ' + stringify(mustEscape) + ', ' + stringify(options.terse) + ')');","      } else {","        if (mustEscape) {","          val = options.runtime('escape') + '(' + val + ')';","        }","        buf.push(stringify(key) + ': ' + val);","      }","    }","  }","","  attrs.forEach(function(attr){","    var key = attr.name;","    var val = attr.val;","    var mustEscape = attr.mustEscape;","","    if (key === 'class') {","      classes.push(val);","      classEscaping.push(mustEscape);","    } else {","      if (key === 'style') {","        if (isConstant(val)) {","          val = stringify(runtime.style(toConstant(val)));","        } else {","          val = options.runtime('style') + '(' + val + ')';","        }","      }","      addAttribute(key, val, mustEscape, buf);","    }","  });","  var classesBuf = [];","  if (classes.length) {","    if (classes.every(isConstant)) {","      addAttribute(","        'class',","        stringify(runtime.classes(classes.map(toConstant), classEscaping)),","        false,","        classesBuf","      );","    } else {","      classes = classes.map(function (cls, i) {","        if (isConstant(cls)) {","          cls = stringify(classEscaping[i] ? runtime.escape(toConstant(cls)) : toConstant(cls));","          classEscaping[i] = false;","        }","        return cls;","      });","      addAttribute(","        'class',","        options.runtime('classes') + '([' + classes.join(',') + '], ' + stringify(classEscaping) + ')',","        false,","        classesBuf","      );","    }","  }","  buf = classesBuf.concat(buf);","  if (options.format === 'html') return buf.length ? buf.join('+') : '\"\"';","  else return '{' + buf.join(',') + '}';","}",""],"l":{"3":1,"4":1,"5":1,"6":1,"8":1,"9":0,"11":1,"12":0,"15":1,"22":1,"23":0,"24":0,"25":0,"31":0,"32":0,"33":0,"37":0,"42":0,"43":0,"44":0,"46":1,"47":0,"48":0,"49":0,"50":0,"51":0,"52":0,"54":0,"57":0,"58":0,"59":0,"61":0,"64":0,"65":0,"67":0,"68":0,"70":0,"75":0,"76":0,"77":0,"78":0,"80":0,"81":0,"82":0,"84":0,"85":0,"86":0,"88":0,"91":0,"94":0,"95":0,"96":0,"97":0,"104":0,"105":0,"106":0,"107":0,"109":0,"111":0,"119":0,"120":0,"121":0}},"/home/travis/build/npmtest/node-npmtest-pug/node_modules/pug-runtime/wrap.js":{"path":"/home/travis/build/npmtest/node-npmtest-pug/node_modules/pug-runtime/wrap.js","s":{"1":1,"2":1,"3":1,"4":0,"5":0},"b":{"1":[0,0]},"f":{"1":0},"fnMap":{"1":{"name":"wrap","line":4,"loc":{"start":{"line":4,"column":0},"end":{"line":4,"column":38}}}},"statementMap":{"1":{"start":{"line":1,"column":0},"end":{"line":1,"column":28}},"2":{"start":{"line":3,"column":0},"end":{"line":3,"column":22}},"3":{"start":{"line":4,"column":0},"end":{"line":10,"column":1}},"4":{"start":{"line":5,"column":2},"end":{"line":5,"column":44}},"5":{"start":{"line":6,"column":2},"end":{"line":9,"column":13}}},"branchMap":{"1":{"line":5,"type":"binary-expr","locations":[{"start":{"line":5,"column":17},"end":{"line":5,"column":29}},{"start":{"line":5,"column":33},"end":{"line":5,"column":43}}]}},"code":["var runtime = require('./');","","module.exports = wrap;","function wrap(template, templateName) {","  templateName = templateName || 'template';","  return Function('jade',","    template + '\\n' +","    'return ' + templateName + ';'","  )(runtime);","}",""],"l":{"1":1,"3":1,"4":1,"5":0,"6":0}}}